#
# There is insufficient memory for the Java Runtime Environment to continue.
# Native memory allocation (malloc) failed to allocate 8003584 bytes for committing reserved memory.
# Possible reasons:
#   The system is out of physical RAM or swap space
#   In 32 bit mode, the process size limit was hit
# Possible solutions:
#   Reduce memory load on the system
#   Increase physical memory or swap space
#   Check if swap backing store is full
#   Use 64 bit Java on a 64 bit OS
#   Decrease Java heap size (-Xmx/-Xms)
#   Decrease number of Java threads
#   Decrease Java thread stack sizes (-Xss)
#   Set larger code cache with -XX:ReservedCodeCacheSize=
# This output file may be truncated or incomplete.
#
#  Out of Memory Error (os_linux.cpp:2827), pid=10168, tid=140349521913600
#
# JRE version: OpenJDK Runtime Environment (7.0_95) (build 1.7.0_95-b00)
# Java VM: OpenJDK 64-Bit Server VM (24.95-b01 mixed mode linux-amd64 compressed oops)
# Derivative: IcedTea 2.6.4
# Distribution: Ubuntu 14.04.3 LTS, package 7u95-2.6.4-0ubuntu0.14.04.1
# Failed to write core dump. Core dumps have been disabled. To enable core dumping, try "ulimit -c unlimited" before starting Java again
#

---------------  T H R E A D  ---------------

Current thread (0x00007fa5b006d000):  VMThread [stack: 0x00007fa5ab55e000,0x00007fa5ab65f000] [id=10174]

Stack: [0x00007fa5ab55e000,0x00007fa5ab65f000],  sp=0x00007fa5ab65d0f0,  free space=1020k
Native frames: (J=compiled Java code, j=interpreted, Vv=VM code, C=native code)
V  [libjvm.so+0x9550e5]
V  [libjvm.so+0x4902b4]
V  [libjvm.so+0x7cf7bb]
V  [libjvm.so+0x7ca28f]
V  [libjvm.so+0x951fd4]
V  [libjvm.so+0x5676de]
V  [libjvm.so+0x567a15]
V  [libjvm.so+0x567b18]
V  [libjvm.so+0x55a867]
V  [libjvm.so+0x496e04]
V  [libjvm.so+0x5a58cb]
V  [libjvm.so+0x88aba8]
V  [libjvm.so+0x494200]
V  [libjvm.so+0x559d1f]
V  [libjvm.so+0x495d20]
V  [libjvm.so+0x558ff5]
V  [libjvm.so+0x4293d2]
V  [libjvm.so+0x955fd1]
V  [libjvm.so+0x95abe7]
V  [libjvm.so+0x9596a8]
V  [libjvm.so+0x959b09]
V  [libjvm.so+0x959f52]
V  [libjvm.so+0x7cc682]

VM_Operation (0x00007fa572e3ed50): GenCollectForAllocation, mode: safepoint, requested by thread 0x00007fa578046800


---------------  P R O C E S S  ---------------

Java Threads: ( => current thread )
  0x00007fa5800d7800 JavaThread "GeoTrellis-akka.actor.default-dispatcher-38" [_thread_blocked, id=10294, stack(0x00007fa572a3d000,0x00007fa572b3e000)]
  0x00007fa578048000 JavaThread "GeoTrellis-akka.actor.default-dispatcher-37" [_thread_blocked, id=10293, stack(0x00007fa5a8dd1000,0x00007fa5a8ed2000)]
  0x00007fa578046800 JavaThread "GeoTrellis-akka.actor.default-dispatcher-36" [_thread_blocked, id=10292, stack(0x00007fa572d40000,0x00007fa572e41000)]
  0x00007fa578045000 JavaThread "GeoTrellis-akka.actor.default-dispatcher-35" [_thread_blocked, id=10291, stack(0x00007fa572b3e000,0x00007fa572c3f000)]
  0x00007fa578044000 JavaThread "GeoTrellis-akka.actor.default-dispatcher-34" [_thread_blocked, id=10290, stack(0x00007fa5a90d4000,0x00007fa5a91d5000)]
  0x00007fa5800d6800 JavaThread "GeoTrellis-akka.actor.default-dispatcher-33" [_thread_blocked, id=10289, stack(0x00007fa5a8fd3000,0x00007fa5a90d4000)]
  0x00007fa580101000 JavaThread "GeoTrellis-akka.actor.default-dispatcher-32" [_thread_blocked, id=10288, stack(0x00007fa573043000,0x00007fa573144000)]
  0x00007fa590001800 JavaThread "site-akka.actor.default-dispatcher-42" [_thread_blocked, id=10287, stack(0x00007fa57286e000,0x00007fa57296f000)]
  0x00007fa59c00b800 JavaThread "site-akka.actor.default-dispatcher-43" [_thread_blocked, id=10286, stack(0x00007fa572e41000,0x00007fa572f42000)]
  0x00007fa57802d800 JavaThread "site-akka.actor.default-dispatcher-41" [_thread_blocked, id=10285, stack(0x00007fa572c3f000,0x00007fa572d40000)]
  0x00007fa57802d000 JavaThread "site-akka.actor.default-dispatcher-40" [_thread_blocked, id=10284, stack(0x00007fa5a8cd0000,0x00007fa5a8dd1000)]
  0x00007fa578030800 JavaThread "site-akka.actor.default-dispatcher-39" [_thread_blocked, id=10283, stack(0x00007fa573245000,0x00007fa573346000)]
  0x00007fa57802f800 JavaThread "site-akka.actor.default-dispatcher-38" [_thread_blocked, id=10282, stack(0x00007fa5a8ed2000,0x00007fa5a8fd3000)]
  0x00007fa578021000 JavaThread "site-akka.actor.default-dispatcher-37" [_thread_blocked, id=10281, stack(0x00007fa573144000,0x00007fa573245000)]
  0x00007fa578001000 JavaThread "site-akka.actor.default-dispatcher-33" [_thread_blocked, id=10252, stack(0x00007fa573447000,0x00007fa573548000)]
  0x00007fa57c0d6000 JavaThread "GeoTrellis-akka.actor.default-dispatcher-23" [_thread_blocked, id=10244, stack(0x00007fa572f42000,0x00007fa573043000)]
  0x00007fa57412a800 JavaThread "GeoTrellis-scheduler-1" [_thread_blocked, id=10196, stack(0x00007fa573346000,0x00007fa573447000)]
  0x00007fa5740ac000 JavaThread "site-akka.io.pinned-dispatcher-6" [_thread_in_native, id=10189, stack(0x00007fa573548000,0x00007fa573649000)]
  0x00007fa5b000b800 JavaThread "DestroyJavaVM" [_thread_blocked, id=10170, stack(0x00007fa5b6b64000,0x00007fa5b6c65000)]
  0x00007fa56c001800 JavaThread "ForkJoinPool-2-worker-1" daemon [_thread_blocked, id=10188, stack(0x00007fa5a8bcf000,0x00007fa5a8cd0000)]
  0x00007fa5b0522800 JavaThread "site-scheduler-1" [_thread_blocked, id=10182, stack(0x00007fa5a91d5000,0x00007fa5a92d6000)]
  0x00007fa5b00a5000 JavaThread "Service Thread" daemon [_thread_blocked, id=10180, stack(0x00007fa5aadcf000,0x00007fa5aaed0000)]
  0x00007fa5b00a2800 JavaThread "C2 CompilerThread1" daemon [_thread_blocked, id=10179, stack(0x00007fa5aaed0000,0x00007fa5aafd1000)]
  0x00007fa5b00a0800 JavaThread "C2 CompilerThread0" daemon [_thread_blocked, id=10178, stack(0x00007fa5aafd1000,0x00007fa5ab0d2000)]
  0x00007fa5b009e000 JavaThread "Signal Dispatcher" daemon [_thread_blocked, id=10177, stack(0x00007fa5ab0d2000,0x00007fa5ab1d3000)]
  0x00007fa5b0073800 JavaThread "Finalizer" daemon [_thread_blocked, id=10176, stack(0x00007fa5ab35c000,0x00007fa5ab45d000)]
  0x00007fa5b0071800 JavaThread "Reference Handler" daemon [_thread_blocked, id=10175, stack(0x00007fa5ab45d000,0x00007fa5ab55e000)]

Other Threads:
=>0x00007fa5b006d000 VMThread [stack: 0x00007fa5ab55e000,0x00007fa5ab65f000] [id=10174]
  0x00007fa5b00a8000 WatcherThread [stack: 0x00007fa5aacce000,0x00007fa5aadcf000] [id=10181]

VM state:at safepoint (normal execution)

VM Mutex/Monitor currently owned by a thread:  ([mutex/lock_event])
[0x00007fa5b0007df0] Threads_lock - owner thread: 0x00007fa5b006d000
[0x00007fa5b00082f0] Heap_lock - owner thread: 0x00007fa578046800

Heap
 def new generation   total 61632K, used 51466K [0x00000006f5a00000, 0x00000006f9cd0000, 0x000000074af50000)
  eden space 54848K,  88% used [0x00000006f5a00000, 0x00000006f89399a0, 0x00000006f8f90000)
  from space 6784K,  45% used [0x00000006f8f90000, 0x00000006f92990b0, 0x00000006f9630000)
  to   space 6784K,   1% used [0x00000006f9630000, 0x00000006f9649198, 0x00000006f9cd0000)
 tenured generation   total 136624K, used 135111K [0x000000074af50000, 0x00000007534bc000, 0x00000007f5a00000)
   the space 136624K,  98% used [0x000000074af50000, 0x0000000753341e68, 0x0000000753342000, 0x00000007534bc000)
 compacting perm gen  total 33216K, used 33033K [0x00000007f5a00000, 0x00000007f7a70000, 0x0000000800000000)
   the space 33216K,  99% used [0x00000007f5a00000, 0x00000007f7a42488, 0x00000007f7a42600, 0x00000007f7a70000)
No shared spaces configured.

Card table byte_map: [0x00007fa5abd67000,0x00007fa5ac5bb000] byte_map_base: 0x00007fa5a85ba000

Polling page: 0x00007fa5b6c72000

Code Cache  [0x00007fa5ac5bb000, 0x00007fa5ac82b000, 0x00007fa5af5bb000)
 total_blobs=1367 nmethods=976 adapters=344 free_code_cache=47253Kb largest_free_block=48320960

Compilation events (10 events):
Event: 1321.193 Thread 0x00007fa5b00a0800 nmethod 1053 0x00007fa5ac6f4910 code [0x00007fa5ac6f4a60, 0x00007fa5ac6f4b38]
Event: 1321.193 Thread 0x00007fa5b00a0800 1054             scala.collection.AbstractTraversable::repr (5 bytes)
Event: 1321.193 Thread 0x00007fa5b00a0800 nmethod 1054 0x00007fa5ac6f4650 code [0x00007fa5ac6f4780, 0x00007fa5ac6f47d8]
Event: 1321.193 Thread 0x00007fa5b00a0800 1055             scala.collection.immutable.List::companion (4 bytes)
Event: 1321.193 Thread 0x00007fa5b00a0800 nmethod 1055 0x00007fa5ac7554d0 code [0x00007fa5ac755600, 0x00007fa5ac755678]
Event: 1321.193 Thread 0x00007fa5b00a0800 1056             scala.collection.AbstractTraversable::genericBuilder (5 bytes)
Event: 1321.194 Thread 0x00007fa5b00a0800 nmethod 1056 0x00007fa5ac7997d0 code [0x00007fa5ac799920, 0x00007fa5ac7999b8]
Event: 1321.315 Thread 0x00007fa5b00a2800 nmethod 1050 0x00007fa5ac7a0e90 code [0x00007fa5ac7a1200, 0x00007fa5ac7a3700]
Event: 1321.898 Thread 0x00007fa5b00a0800 1057             akka.actor.ActorCell$::emptyBehaviorStack (5 bytes)
Event: 1321.947 Thread 0x00007fa5b00a0800 nmethod 1057 0x00007fa5ac7995d0 code [0x00007fa5ac799700, 0x00007fa5ac799778]

GC Heap History (10 events):
Event: 960.922 GC heap after
Heap after GC invocations=46 (full 5):
 def new generation   total 61632K, used 4534K [0x00000006f5a00000, 0x00000006f9cd0000, 0x000000074af50000)
  eden space 54848K,   0% used [0x00000006f5a00000, 0x00000006f5a00000, 0x00000006f8f90000)
  from space 6784K,  66% used [0x00000006f8f90000, 0x00000006f93fd930, 0x00000006f9630000)
  to   space 6784K,   0% used [0x00000006f9630000, 0x00000006f9630000, 0x00000006f9cd0000)
 tenured generation   total 136624K, used 121804K [0x000000074af50000, 0x00000007534bc000, 0x00000007f5a00000)
   the space 136624K,  89% used [0x000000074af50000, 0x0000000752643370, 0x0000000752643400, 0x00000007534bc000)
 compacting perm gen  total 33216K, used 32946K [0x00000007f5a00000, 0x00000007f7a70000, 0x0000000800000000)
   the space 33216K,  99% used [0x00000007f5a00000, 0x00000007f7a2c850, 0x00000007f7a2ca00, 0x00000007f7a70000)
No shared spaces configured.
}
Event: 963.746 GC heap before
{Heap before GC invocations=46 (full 5):
 def new generation   total 61632K, used 59382K [0x00000006f5a00000, 0x00000006f9cd0000, 0x000000074af50000)
  eden space 54848K, 100% used [0x00000006f5a00000, 0x00000006f8f90000, 0x00000006f8f90000)
  from space 6784K,  66% used [0x00000006f8f90000, 0x00000006f93fd930, 0x00000006f9630000)
  to   space 6784K,   0% used [0x00000006f9630000, 0x00000006f9630000, 0x00000006f9cd0000)
 tenured generation   total 136624K, used 121804K [0x000000074af50000, 0x00000007534bc000, 0x00000007f5a00000)
   the space 136624K,  89% used [0x000000074af50000, 0x0000000752643370, 0x0000000752643400, 0x00000007534bc000)
 compacting perm gen  total 33216K, used 32973K [0x00000007f5a00000, 0x00000007f7a70000, 0x0000000800000000)
   the space 33216K,  99% used [0x00000007f5a00000, 0x00000007f7a336b8, 0x00000007f7a33800, 0x00000007f7a70000)
No shared spaces configured.
Event: 963.752 GC heap after
Heap after GC invocations=47 (full 5):
 def new generation   total 61632K, used 4613K [0x00000006f5a00000, 0x00000006f9cd0000, 0x000000074af50000)
  eden space 54848K,   0% used [0x00000006f5a00000, 0x00000006f5a00000, 0x00000006f8f90000)
  from space 6784K,  68% used [0x00000006f9630000, 0x00000006f9ab15e8, 0x00000006f9cd0000)
  to   space 6784K,   0% used [0x00000006f8f90000, 0x00000006f8f90000, 0x00000006f9630000)
 tenured generation   total 136624K, used 123094K [0x000000074af50000, 0x00000007534bc000, 0x00000007f5a00000)
   the space 136624K,  90% used [0x000000074af50000, 0x00000007527858d0, 0x0000000752785a00, 0x00000007534bc000)
 compacting perm gen  total 33216K, used 32973K [0x00000007f5a00000, 0x00000007f7a70000, 0x0000000800000000)
   the space 33216K,  99% used [0x00000007f5a00000, 0x00000007f7a336b8, 0x00000007f7a33800, 0x00000007f7a70000)
No shared spaces configured.
}
Event: 970.067 GC heap before
{Heap before GC invocations=47 (full 5):
 def new generation   total 61632K, used 59438K [0x00000006f5a00000, 0x00000006f9cd0000, 0x000000074af50000)
  eden space 54848K,  99% used [0x00000006f5a00000, 0x00000006f8f8a2f0, 0x00000006f8f90000)
  from space 6784K,  68% used [0x00000006f9630000, 0x00000006f9ab15e8, 0x00000006f9cd0000)
  to   space 6784K,   0% used [0x00000006f8f90000, 0x00000006f8f90000, 0x00000006f9630000)
 tenured generation   total 136624K, used 123094K [0x000000074af50000, 0x00000007534bc000, 0x00000007f5a00000)
   the space 136624K,  90% used [0x000000074af50000, 0x00000007527858d0, 0x0000000752785a00, 0x00000007534bc000)
 compacting perm gen  total 33216K, used 32987K [0x00000007f5a00000, 0x00000007f7a70000, 0x0000000800000000)
   the space 33216K,  99% used [0x00000007f5a00000, 0x00000007f7a36c78, 0x00000007f7a36e00, 0x00000007f7a70000)
No shared spaces configured.
Event: 970.076 GC heap after
Heap after GC invocations=48 (full 5):
 def new generation   total 61632K, used 4448K [0x00000006f5a00000, 0x00000006f9cd0000, 0x000000074af50000)
  eden space 54848K,   0% used [0x00000006f5a00000, 0x00000006f5a00000, 0x00000006f8f90000)
  from space 6784K,  65% used [0x00000006f8f90000, 0x00000006f93e8198, 0x00000006f9630000)
  to   space 6784K,   0% used [0x00000006f9630000, 0x00000006f9630000, 0x00000006f9cd0000)
 tenured generation   total 136624K, used 124579K [0x000000074af50000, 0x00000007534bc000, 0x00000007f5a00000)
   the space 136624K,  91% used [0x000000074af50000, 0x00000007528f8f80, 0x00000007528f9000, 0x00000007534bc000)
 compacting perm gen  total 33216K, used 32987K [0x00000007f5a00000, 0x00000007f7a70000, 0x0000000800000000)
   the space 33216K,  99% used [0x00000007f5a00000, 0x00000007f7a36c78, 0x00000007f7a36e00, 0x00000007f7a70000)
No shared spaces configured.
}
Event: 1320.188 GC heap before
{Heap before GC invocations=48 (full 5):
 def new generation   total 61632K, used 55045K [0x00000006f5a00000, 0x00000006f9cd0000, 0x000000074af50000)
  eden space 54848K,  92% used [0x00000006f5a00000, 0x00000006f8b69660, 0x00000006f8f90000)
  from space 6784K,  65% used [0x00000006f8f90000, 0x00000006f93e8198, 0x00000006f9630000)
  to   space 6784K,   0% used [0x00000006f9630000, 0x00000006f9630000, 0x00000006f9cd0000)
 tenured generation   total 136624K, used 124579K [0x000000074af50000, 0x00000007534bc000, 0x00000007f5a00000)
   the space 136624K,  91% used [0x000000074af50000, 0x00000007528f8f80, 0x00000007528f9000, 0x00000007534bc000)
 compacting perm gen  total 33216K, used 32997K [0x00000007f5a00000, 0x00000007f7a70000, 0x0000000800000000)
   the space 33216K,  99% used [0x00000007f5a00000, 0x00000007f7a397f0, 0x00000007f7a39800, 0x00000007f7a70000)
No shared spaces configured.
Event: 1320.280 GC heap after
Heap after GC invocations=49 (full 5):
 def new generation   total 61632K, used 4467K [0x00000006f5a00000, 0x00000006f9cd0000, 0x000000074af50000)
  eden space 54848K,   0% used [0x00000006f5a00000, 0x00000006f5a00000, 0x00000006f8f90000)
  from space 6784K,  65% used [0x00000006f9630000, 0x00000006f9a8cc70, 0x00000006f9cd0000)
  to   space 6784K,   0% used [0x00000006f8f90000, 0x00000006f8f90000, 0x00000006f9630000)
 tenured generation   total 136624K, used 125914K [0x000000074af50000, 0x00000007534bc000, 0x00000007f5a00000)
   the space 136624K,  92% used [0x000000074af50000, 0x0000000752a46a38, 0x0000000752a46c00, 0x00000007534bc000)
 compacting perm gen  total 33216K, used 32997K [0x00000007f5a00000, 0x00000007f7a70000, 0x0000000800000000)
   the space 33216K,  99% used [0x00000007f5a00000, 0x00000007f7a397f0, 0x00000007f7a39800, 0x00000007f7a70000)
No shared spaces configured.
}
Event: 1320.673 GC heap before
{Heap before GC invocations=49 (full 5):
 def new generation   total 61632K, used 59315K [0x00000006f5a00000, 0x00000006f9cd0000, 0x000000074af50000)
  eden space 54848K, 100% used [0x00000006f5a00000, 0x00000006f8f90000, 0x00000006f8f90000)
  from space 6784K,  65% used [0x00000006f9630000, 0x00000006f9a8cc70, 0x00000006f9cd0000)
  to   space 6784K,   0% used [0x00000006f8f90000, 0x00000006f8f90000, 0x00000006f9630000)
 tenured generation   total 136624K, used 125914K [0x000000074af50000, 0x00000007534bc000, 0x00000007f5a00000)
   the space 136624K,  92% used [0x000000074af50000, 0x0000000752a46a38, 0x0000000752a46c00, 0x00000007534bc000)
 compacting perm gen  total 33216K, used 33003K [0x00000007f5a00000, 0x00000007f7a70000, 0x0000000800000000)
   the space 33216K,  99% used [0x00000007f5a00000, 0x00000007f7a3af28, 0x00000007f7a3b000, 0x00000007f7a70000)
No shared spaces configured.
Event: 1320.687 GC heap after
Heap after GC invocations=50 (full 5):
 def new generation   total 61632K, used 3108K [0x00000006f5a00000, 0x00000006f9cd0000, 0x000000074af50000)
  eden space 54848K,   0% used [0x00000006f5a00000, 0x00000006f5a00000, 0x00000006f8f90000)
  from space 6784K,  45% used [0x00000006f8f90000, 0x00000006f92990b0, 0x00000006f9630000)
  to   space 6784K,   0% used [0x00000006f9630000, 0x00000006f9630000, 0x00000006f9cd0000)
 tenured generation   total 136624K, used 127299K [0x000000074af50000, 0x00000007534bc000, 0x00000007f5a00000)
   the space 136624K,  93% used [0x000000074af50000, 0x0000000752ba0c58, 0x0000000752ba0e00, 0x00000007534bc000)
 compacting perm gen  total 33216K, used 33003K [0x00000007f5a00000, 0x00000007f7a70000, 0x0000000800000000)
   the space 33216K,  99% used [0x00000007f5a00000, 0x00000007f7a3af28, 0x00000007f7a3b000, 0x00000007f7a70000)
No shared spaces configured.
}
Event: 1321.976 GC heap before
{Heap before GC invocations=50 (full 5):
 def new generation   total 61632K, used 51466K [0x00000006f5a00000, 0x00000006f9cd0000, 0x000000074af50000)
  eden space 54848K,  88% used [0x00000006f5a00000, 0x00000006f89399a0, 0x00000006f8f90000)
  from space 6784K,  45% used [0x00000006f8f90000, 0x00000006f92990b0, 0x00000006f9630000)
  to   space 6784K,   0% used [0x00000006f9630000, 0x00000006f9630000, 0x00000006f9cd0000)
 tenured generation   total 136624K, used 127299K [0x000000074af50000, 0x00000007534bc000, 0x00000007f5a00000)
   the space 136624K,  93% used [0x000000074af50000, 0x0000000752ba0c58, 0x0000000752ba0e00, 0x00000007534bc000)
 compacting perm gen  total 33216K, used 33033K [0x00000007f5a00000, 0x00000007f7a70000, 0x0000000800000000)
   the space 33216K,  99% used [0x00000007f5a00000, 0x00000007f7a42488, 0x00000007f7a42600, 0x00000007f7a70000)
No shared spaces configured.

Deoptimization events (10 events):
Event: 306.967 Thread 0x00007fa5b0522800 Uncommon trap: reason=unstable_if action=reinterpret pc=0x00007fa5ac6f267c method=akka.dispatch.AbstractNodeQueue.pollNode()Lakka/dispatch/AbstractNodeQueue$Node; @ 28
Event: 307.123 Thread 0x00007fa58801d000 Uncommon trap: reason=class_check action=maybe_recompile pc=0x00007fa5ac75ffe0 method=akka.dispatch.DefaultSystemMessageQueue$class.systemEnqueue(Lakka/dispatch/Mailbox;Lakka/actor/ActorRef;Lakka/dispatch/sysmsg/SystemMessage;)V @ 111
Event: 953.577 Thread 0x00007fa59c00d000 Uncommon trap: reason=bimorphic action=maybe_recompile pc=0x00007fa5ac6fc3bc method=spray.http.Rendering$class.rec$1(Lspray/http/Rendering;ILjava/lang/String;)Lspray/http/Rendering; @ 14
Event: 953.577 Thread 0x00007fa59c00d000 Uncommon trap: reason=predicate action=maybe_recompile pc=0x00007fa5ac6f4b1c method=spray.http.Uri$.rec$1(ILspray/http/Rendering;Ljava/lang/String;Ljava/nio/charset/Charset;IZ)Lspray/http/Rendering; @ 8
Event: 953.933 Thread 0x00007fa590003800 Uncommon trap: reason=bimorphic action=maybe_recompile pc=0x00007fa5ac6fc3bc method=spray.http.Rendering$class.rec$1(Lspray/http/Rendering;ILjava/lang/String;)Lspray/http/Rendering; @ 14
Event: 953.946 Thread 0x00007fa59c00e800 Uncommon trap: reason=bimorphic action=maybe_recompile pc=0x00007fa5ac6fc3bc method=spray.http.Rendering$class.rec$1(Lspray/http/Rendering;ILjava/lang/String;)Lspray/http/Rendering; @ 14
Event: 953.960 Thread 0x00007fa580101000 Uncommon trap: reason=bimorphic action=maybe_recompile pc=0x00007fa5ac6fc3bc method=spray.http.Rendering$class.rec$1(Lspray/http/Rendering;ILjava/lang/String;)Lspray/http/Rendering; @ 14
Event: 962.228 Thread 0x00007fa59c00b800 Uncommon trap: reason=class_check action=maybe_recompile pc=0x00007fa5ac73aec8 method=akka.dispatch.Mailbox.enqueue(Lakka/actor/ActorRef;Lakka/dispatch/Envelope;)V @ 6
Event: 963.200 Thread 0x00007fa59c00b800 Uncommon trap: reason=unstable_if action=reinterpret pc=0x00007fa5ac6fd54c method=akka.dispatch.DefaultSystemMessageQueue$class.systemDrain(Lakka/dispatch/Mailbox;Lakka/dispatch/sysmsg/SystemMessage;)Lakka/dispatch/sysmsg/SystemMessage; @ 44
Event: 964.248 Thread 0x00007fa5a000d000 Uncommon trap: reason=unstable_if action=reinterpret pc=0x00007fa5ac720b6c method=akka.dispatch.DefaultSystemMessageQueue$class.systemDrain(Lakka/dispatch/Mailbox;Lakka/dispatch/sysmsg/SystemMessage;)Lakka/dispatch/sysmsg/SystemMessage; @ 44

Internal exceptions (10 events):
Event: 136.190 Thread 0x00007fa5800d6800 Threw 0x00000006f7c0f428 at /build/openjdk-7-2FOwCu/openjdk-7-7u95-2.6.4/build/openjdk/hotspot/src/share/vm/prims/jvm.cpp:1322
Event: 136.205 Thread 0x00007fa5800d6800 Threw 0x00000006f7c1b450 at /build/openjdk-7-2FOwCu/openjdk-7-7u95-2.6.4/build/openjdk/hotspot/src/share/vm/prims/jvm.cpp:1322
Event: 136.211 Thread 0x00007fa5800d9000 Threw 0x00000006f6991198 at /build/openjdk-7-2FOwCu/openjdk-7-7u95-2.6.4/build/openjdk/hotspot/src/share/vm/prims/jvm.cpp:1322
Event: 136.212 Thread 0x00007fa5800d6800 Threw 0x00000006f7c20468 at /build/openjdk-7-2FOwCu/openjdk-7-7u95-2.6.4/build/openjdk/hotspot/src/share/vm/prims/jvm.cpp:1322
Event: 136.215 Thread 0x00007fa5800d9000 Threw 0x00000006f7c26f88 at /build/openjdk-7-2FOwCu/openjdk-7-7u95-2.6.4/build/openjdk/hotspot/src/share/vm/prims/jvm.cpp:1322
Event: 136.224 Thread 0x00007fa5800d9000 Threw 0x00000006f7c33930 at /build/openjdk-7-2FOwCu/openjdk-7-7u95-2.6.4/build/openjdk/hotspot/src/share/vm/prims/jvm.cpp:1322
Event: 136.226 Thread 0x00007fa5800d9000 Threw 0x00000006f7c3dd30 at /build/openjdk-7-2FOwCu/openjdk-7-7u95-2.6.4/build/openjdk/hotspot/src/share/vm/prims/jvm.cpp:1322
Event: 136.227 Thread 0x00007fa5800d9000 Threw 0x00000006f7c46da8 at /build/openjdk-7-2FOwCu/openjdk-7-7u95-2.6.4/build/openjdk/hotspot/src/share/vm/prims/jvm.cpp:1322
Event: 136.229 Thread 0x00007fa5800d9000 Threw 0x00000006f7c7c798 at /build/openjdk-7-2FOwCu/openjdk-7-7u95-2.6.4/build/openjdk/hotspot/src/share/vm/prims/jvm.cpp:1322
Event: 136.230 Thread 0x00007fa5800d9000 Threw 0x00000006f7c834d0 at /build/openjdk-7-2FOwCu/openjdk-7-7u95-2.6.4/build/openjdk/hotspot/src/share/vm/prims/jvm.cpp:1322

Events (10 events):
Event: 1320.175 Thread 0x00007fa578046800 Thread added: 0x00007fa578046800
Event: 1320.176 Thread 0x00007fa578048000 Thread added: 0x00007fa578048000
Event: 1320.177 Thread 0x00007fa5800d7800 Thread added: 0x00007fa5800d7800
Event: 1320.187 Executing VM operation: GenCollectForAllocation
Event: 1320.280 Executing VM operation: GenCollectForAllocation done
Event: 1320.670 Executing VM operation: GenCollectForAllocation
Event: 1320.688 Executing VM operation: GenCollectForAllocation done
Event: 1320.702 Thread 0x00007fa5b00a2800 flushing nmethod 0x00007fa5ac6f4650
Event: 1320.702 Thread 0x00007fa5b00a2800 flushing nmethod 0x00007fa5ac6fbf90
Event: 1321.967 Executing VM operation: GenCollectForAllocation


Dynamic libraries:
00400000-00401000 r-xp 00000000 08:01 263417                             /usr/lib/jvm/java-7-openjdk-amd64/jre/bin/java
00600000-00601000 r--p 00000000 08:01 263417                             /usr/lib/jvm/java-7-openjdk-amd64/jre/bin/java
00601000-00602000 rw-p 00001000 08:01 263417                             /usr/lib/jvm/java-7-openjdk-amd64/jre/bin/java
025e7000-02608000 rw-p 00000000 00:00 0                                  [heap]
6f5a00000-6f9cd0000 rw-p 00000000 00:00 0 
6f9cd0000-74af50000 rw-p 00000000 00:00 0 
74af50000-7534bc000 rw-p 00000000 00:00 0 
753c5e000-7f5a00000 rw-p 00000000 00:00 0 
7f5a00000-7f7a70000 rw-p 00000000 00:00 0 
7f7a70000-800000000 rw-p 00000000 00:00 0 
7fa56c000000-7fa56c021000 rw-p 00000000 00:00 0 
7fa56c021000-7fa570000000 ---p 00000000 00:00 0 
7fa57286e000-7fa572871000 ---p 00000000 00:00 0 
7fa572871000-7fa57296f000 rw-p 00000000 00:00 0                          [stack:10287]
7fa572a3d000-7fa572a40000 ---p 00000000 00:00 0 
7fa572a40000-7fa572b3e000 rw-p 00000000 00:00 0                          [stack:10294]
7fa572b3e000-7fa572b41000 ---p 00000000 00:00 0 
7fa572b41000-7fa572c3f000 rw-p 00000000 00:00 0                          [stack:10291]
7fa572c3f000-7fa572c42000 ---p 00000000 00:00 0 
7fa572c42000-7fa572d40000 rw-p 00000000 00:00 0                          [stack:10285]
7fa572d40000-7fa572d43000 ---p 00000000 00:00 0 
7fa572d43000-7fa572e41000 rw-p 00000000 00:00 0                          [stack:10292]
7fa572e41000-7fa572e44000 ---p 00000000 00:00 0 
7fa572e44000-7fa572f42000 rw-p 00000000 00:00 0                          [stack:10286]
7fa572f42000-7fa572f45000 ---p 00000000 00:00 0 
7fa572f45000-7fa573043000 rw-p 00000000 00:00 0                          [stack:10244]
7fa573043000-7fa573046000 ---p 00000000 00:00 0 
7fa573046000-7fa573144000 rw-p 00000000 00:00 0                          [stack:10288]
7fa573144000-7fa573147000 ---p 00000000 00:00 0 
7fa573147000-7fa573245000 rw-p 00000000 00:00 0                          [stack:10281]
7fa573245000-7fa573248000 ---p 00000000 00:00 0 
7fa573248000-7fa573346000 rw-p 00000000 00:00 0                          [stack:10283]
7fa573346000-7fa573349000 ---p 00000000 00:00 0 
7fa573349000-7fa573447000 rw-p 00000000 00:00 0                          [stack:10196]
7fa573447000-7fa57344a000 ---p 00000000 00:00 0 
7fa57344a000-7fa573548000 rw-p 00000000 00:00 0                          [stack:10252]
7fa573548000-7fa57354b000 ---p 00000000 00:00 0 
7fa57354b000-7fa573649000 rw-p 00000000 00:00 0                          [stack:10189]
7fa573649000-7fa5736c1000 r-xp 00000000 08:01 262181                     /usr/lib/x86_64-linux-gnu/nss/libfreebl3.so
7fa5736c1000-7fa5738c1000 ---p 00078000 08:01 262181                     /usr/lib/x86_64-linux-gnu/nss/libfreebl3.so
7fa5738c1000-7fa5738c3000 r--p 00078000 08:01 262181                     /usr/lib/x86_64-linux-gnu/nss/libfreebl3.so
7fa5738c3000-7fa5738c4000 rw-p 0007a000 08:01 262181                     /usr/lib/x86_64-linux-gnu/nss/libfreebl3.so
7fa5738c4000-7fa5738c8000 rw-p 00000000 00:00 0 
7fa5738c8000-7fa57397c000 r-xp 00000000 08:01 23688                      /usr/lib/x86_64-linux-gnu/libsqlite3.so.0.8.6
7fa57397c000-7fa573b7c000 ---p 000b4000 08:01 23688                      /usr/lib/x86_64-linux-gnu/libsqlite3.so.0.8.6
7fa573b7c000-7fa573b7e000 r--p 000b4000 08:01 23688                      /usr/lib/x86_64-linux-gnu/libsqlite3.so.0.8.6
7fa573b7e000-7fa573b80000 rw-p 000b6000 08:01 23688                      /usr/lib/x86_64-linux-gnu/libsqlite3.so.0.8.6
7fa573b80000-7fa573b81000 rw-p 00000000 00:00 0 
7fa573b81000-7fa573bc1000 r-xp 00000000 08:01 262179                     /usr/lib/x86_64-linux-gnu/nss/libsoftokn3.so
7fa573bc1000-7fa573dc1000 ---p 00040000 08:01 262179                     /usr/lib/x86_64-linux-gnu/nss/libsoftokn3.so
7fa573dc1000-7fa573dc2000 r--p 00040000 08:01 262179                     /usr/lib/x86_64-linux-gnu/nss/libsoftokn3.so
7fa573dc2000-7fa573dc3000 rw-p 00041000 08:01 262179                     /usr/lib/x86_64-linux-gnu/nss/libsoftokn3.so
7fa573dc3000-7fa573dfc000 r-xp 00000000 08:01 61439                      /usr/lib/x86_64-linux-gnu/libnspr4.so
7fa573dfc000-7fa573ffb000 ---p 00039000 08:01 61439                      /usr/lib/x86_64-linux-gnu/libnspr4.so
7fa573ffb000-7fa573ffc000 r--p 00038000 08:01 61439                      /usr/lib/x86_64-linux-gnu/libnspr4.so
7fa573ffc000-7fa573ffd000 rw-p 00039000 08:01 61439                      /usr/lib/x86_64-linux-gnu/libnspr4.so
7fa573ffd000-7fa574000000 rw-p 00000000 00:00 0 
7fa574000000-7fa57424f000 rw-p 00000000 00:00 0 
7fa57424f000-7fa578000000 ---p 00000000 00:00 0 
7fa578000000-7fa578150000 rw-p 00000000 00:00 0 
7fa578150000-7fa57c000000 ---p 00000000 00:00 0 
7fa57c000000-7fa57c1aa000 rw-p 00000000 00:00 0 
7fa57c1aa000-7fa580000000 ---p 00000000 00:00 0 
7fa580000000-7fa5801d8000 rw-p 00000000 00:00 0 
7fa5801d8000-7fa584000000 ---p 00000000 00:00 0 
7fa584000000-7fa584094000 rw-p 00000000 00:00 0 
7fa584094000-7fa588000000 ---p 00000000 00:00 0 
7fa588000000-7fa588125000 rw-p 00000000 00:00 0 
7fa588125000-7fa58c000000 ---p 00000000 00:00 0 
7fa58c000000-7fa58c9c4000 rw-p 00000000 00:00 0 
7fa58c9c4000-7fa590000000 ---p 00000000 00:00 0 
7fa590000000-7fa590194000 rw-p 00000000 00:00 0 
7fa590194000-7fa594000000 ---p 00000000 00:00 0 
7fa594000000-7fa5940df000 rw-p 00000000 00:00 0 
7fa5940df000-7fa598000000 ---p 00000000 00:00 0 
7fa598000000-7fa59846d000 rw-p 00000000 00:00 0 
7fa59846d000-7fa59c000000 ---p 00000000 00:00 0 
7fa59c000000-7fa59c021000 rw-p 00000000 00:00 0 
7fa59c021000-7fa5a0000000 ---p 00000000 00:00 0 
7fa5a0000000-7fa5a012c000 rw-p 00000000 00:00 0 
7fa5a012c000-7fa5a4000000 ---p 00000000 00:00 0 
7fa5a4000000-7fa5a417a000 rw-p 00000000 00:00 0 
7fa5a417a000-7fa5a8000000 ---p 00000000 00:00 0 
7fa5a803b000-7fa5a8046000 r--s 00203000 08:01 265355                     /usr/lib/jvm/java-7-openjdk-amd64/jre/lib/charsets.jar
7fa5a8046000-7fa5a8049000 r-xp 00000000 08:01 61438                      /usr/lib/x86_64-linux-gnu/libplds4.so
7fa5a8049000-7fa5a8248000 ---p 00003000 08:01 61438                      /usr/lib/x86_64-linux-gnu/libplds4.so
7fa5a8248000-7fa5a8249000 r--p 00002000 08:01 61438                      /usr/lib/x86_64-linux-gnu/libplds4.so
7fa5a8249000-7fa5a824a000 rw-p 00003000 08:01 61438                      /usr/lib/x86_64-linux-gnu/libplds4.so
7fa5a824a000-7fa5a824e000 r-xp 00000000 08:01 61440                      /usr/lib/x86_64-linux-gnu/libplc4.so
7fa5a824e000-7fa5a844d000 ---p 00004000 08:01 61440                      /usr/lib/x86_64-linux-gnu/libplc4.so
7fa5a844d000-7fa5a844e000 r--p 00003000 08:01 61440                      /usr/lib/x86_64-linux-gnu/libplc4.so
7fa5a844e000-7fa5a844f000 rw-p 00004000 08:01 61440                      /usr/lib/x86_64-linux-gnu/libplc4.so
7fa5a844f000-7fa5a8474000 r-xp 00000000 08:01 61454                      /usr/lib/x86_64-linux-gnu/libnssutil3.so
7fa5a8474000-7fa5a8674000 ---p 00025000 08:01 61454                      /usr/lib/x86_64-linux-gnu/libnssutil3.so
7fa5a8674000-7fa5a867a000 r--p 00025000 08:01 61454                      /usr/lib/x86_64-linux-gnu/libnssutil3.so
7fa5a867a000-7fa5a867b000 rw-p 0002b000 08:01 61454                      /usr/lib/x86_64-linux-gnu/libnssutil3.so
7fa5a867b000-7fa5a87ae000 r-xp 00000000 08:01 61455                      /usr/lib/x86_64-linux-gnu/libnss3.so
7fa5a87ae000-7fa5a89ad000 ---p 00133000 08:01 61455                      /usr/lib/x86_64-linux-gnu/libnss3.so
7fa5a89ad000-7fa5a89b2000 r--p 00132000 08:01 61455                      /usr/lib/x86_64-linux-gnu/libnss3.so
7fa5a89b2000-7fa5a89b4000 rw-p 00137000 08:01 61455                      /usr/lib/x86_64-linux-gnu/libnss3.so
7fa5a89b4000-7fa5a89b5000 rw-p 00000000 00:00 0 
7fa5a89be000-7fa5a89ce000 r-xp 00000000 08:01 265394                     /usr/lib/jvm/java-7-openjdk-amd64/jre/lib/amd64/libj2pkcs11.so
7fa5a89ce000-7fa5a8bcd000 ---p 00010000 08:01 265394                     /usr/lib/jvm/java-7-openjdk-amd64/jre/lib/amd64/libj2pkcs11.so
7fa5a8bcd000-7fa5a8bce000 r--p 0000f000 08:01 265394                     /usr/lib/jvm/java-7-openjdk-amd64/jre/lib/amd64/libj2pkcs11.so
7fa5a8bce000-7fa5a8bcf000 rw-p 00010000 08:01 265394                     /usr/lib/jvm/java-7-openjdk-amd64/jre/lib/amd64/libj2pkcs11.so
7fa5a8bcf000-7fa5a8bd2000 ---p 00000000 00:00 0 
7fa5a8bd2000-7fa5a8cd0000 rw-p 00000000 00:00 0                          [stack:10188]
7fa5a8cd0000-7fa5a8cd3000 ---p 00000000 00:00 0 
7fa5a8cd3000-7fa5a8dd1000 rw-p 00000000 00:00 0                          [stack:10284]
7fa5a8dd1000-7fa5a8dd4000 ---p 00000000 00:00 0 
7fa5a8dd4000-7fa5a8ed2000 rw-p 00000000 00:00 0                          [stack:10293]
7fa5a8ed2000-7fa5a8ed5000 ---p 00000000 00:00 0 
7fa5a8ed5000-7fa5a8fd3000 rw-p 00000000 00:00 0                          [stack:10282]
7fa5a8fd3000-7fa5a8fd6000 ---p 00000000 00:00 0 
7fa5a8fd6000-7fa5a90d4000 rw-p 00000000 00:00 0                          [stack:10289]
7fa5a90d4000-7fa5a90d7000 ---p 00000000 00:00 0 
7fa5a90d7000-7fa5a91d5000 rw-p 00000000 00:00 0                          [stack:10290]
7fa5a91d5000-7fa5a91d8000 ---p 00000000 00:00 0 
7fa5a91d8000-7fa5a9307000 rw-p 00000000 00:00 0                          [stack:10182]
7fa5a9307000-7fa5a9344000 r-xp 00000000 08:01 1909                       /lib/x86_64-linux-gnu/libpcre.so.3.13.1
7fa5a9344000-7fa5a9543000 ---p 0003d000 08:01 1909                       /lib/x86_64-linux-gnu/libpcre.so.3.13.1
7fa5a9543000-7fa5a9544000 r--p 0003c000 08:01 1909                       /lib/x86_64-linux-gnu/libpcre.so.3.13.1
7fa5a9544000-7fa5a9545000 rw-p 0003d000 08:01 1909                       /lib/x86_64-linux-gnu/libpcre.so.3.13.1
7fa5a9545000-7fa5a954c000 r-xp 00000000 08:01 23698                      /usr/lib/x86_64-linux-gnu/libffi.so.6.0.1
7fa5a954c000-7fa5a974b000 ---p 00007000 08:01 23698                      /usr/lib/x86_64-linux-gnu/libffi.so.6.0.1
7fa5a974b000-7fa5a974c000 r--p 00006000 08:01 23698                      /usr/lib/x86_64-linux-gnu/libffi.so.6.0.1
7fa5a974c000-7fa5a974d000 rw-p 00007000 08:01 23698                      /usr/lib/x86_64-linux-gnu/libffi.so.6.0.1
7fa5a974d000-7fa5a9764000 r-xp 00000000 08:01 1969                       /lib/x86_64-linux-gnu/libresolv-2.19.so
7fa5a9764000-7fa5a9964000 ---p 00017000 08:01 1969                       /lib/x86_64-linux-gnu/libresolv-2.19.so
7fa5a9964000-7fa5a9965000 r--p 00017000 08:01 1969                       /lib/x86_64-linux-gnu/libresolv-2.19.so
7fa5a9965000-7fa5a9966000 rw-p 00018000 08:01 1969                       /lib/x86_64-linux-gnu/libresolv-2.19.so
7fa5a9966000-7fa5a9968000 rw-p 00000000 00:00 0 
7fa5a9968000-7fa5a9988000 r-xp 00000000 08:01 1974                       /lib/x86_64-linux-gnu/libselinux.so.1
7fa5a9988000-7fa5a9b87000 ---p 00020000 08:01 1974                       /lib/x86_64-linux-gnu/libselinux.so.1
7fa5a9b87000-7fa5a9b88000 r--p 0001f000 08:01 1974                       /lib/x86_64-linux-gnu/libselinux.so.1
7fa5a9b88000-7fa5a9b89000 rw-p 00020000 08:01 1974                       /lib/x86_64-linux-gnu/libselinux.so.1
7fa5a9b89000-7fa5a9b8b000 rw-p 00000000 00:00 0 
7fa5a9b8b000-7fa5a9b8e000 r-xp 00000000 08:01 23740                      /usr/lib/x86_64-linux-gnu/libgmodule-2.0.so.0.4002.0
7fa5a9b8e000-7fa5a9d8d000 ---p 00003000 08:01 23740                      /usr/lib/x86_64-linux-gnu/libgmodule-2.0.so.0.4002.0
7fa5a9d8d000-7fa5a9d8e000 r--p 00002000 08:01 23740                      /usr/lib/x86_64-linux-gnu/libgmodule-2.0.so.0.4002.0
7fa5a9d8e000-7fa5a9d8f000 rw-p 00003000 08:01 23740                      /usr/lib/x86_64-linux-gnu/libgmodule-2.0.so.0.4002.0
7fa5a9d8f000-7fa5a9e95000 r-xp 00000000 08:01 1937                       /lib/x86_64-linux-gnu/libglib-2.0.so.0.4002.0
7fa5a9e95000-7fa5aa094000 ---p 00106000 08:01 1937                       /lib/x86_64-linux-gnu/libglib-2.0.so.0.4002.0
7fa5aa094000-7fa5aa095000 r--p 00105000 08:01 1937                       /lib/x86_64-linux-gnu/libglib-2.0.so.0.4002.0
7fa5aa095000-7fa5aa096000 rw-p 00106000 08:01 1937                       /lib/x86_64-linux-gnu/libglib-2.0.so.0.4002.0
7fa5aa096000-7fa5aa097000 rw-p 00000000 00:00 0 
7fa5aa097000-7fa5aa0e6000 r-xp 00000000 08:01 23267                      /usr/lib/x86_64-linux-gnu/libgobject-2.0.so.0.4002.0
7fa5aa0e6000-7fa5aa2e6000 ---p 0004f000 08:01 23267                      /usr/lib/x86_64-linux-gnu/libgobject-2.0.so.0.4002.0
7fa5aa2e6000-7fa5aa2e7000 r--p 0004f000 08:01 23267                      /usr/lib/x86_64-linux-gnu/libgobject-2.0.so.0.4002.0
7fa5aa2e7000-7fa5aa2e8000 rw-p 00050000 08:01 23267                      /usr/lib/x86_64-linux-gnu/libgobject-2.0.so.0.4002.0
7fa5aa2e8000-7fa5aa454000 r-xp 00000000 08:01 23649                      /usr/lib/x86_64-linux-gnu/libgio-2.0.so.0.4002.0
7fa5aa454000-7fa5aa653000 ---p 0016c000 08:01 23649                      /usr/lib/x86_64-linux-gnu/libgio-2.0.so.0.4002.0
7fa5aa653000-7fa5aa657000 r--p 0016b000 08:01 23649                      /usr/lib/x86_64-linux-gnu/libgio-2.0.so.0.4002.0
7fa5aa657000-7fa5aa659000 rw-p 0016f000 08:01 23649                      /usr/lib/x86_64-linux-gnu/libgio-2.0.so.0.4002.0
7fa5aa659000-7fa5aa65b000 rw-p 00000000 00:00 0 
7fa5aa65e000-7fa5aa660000 r--s 00018000 08:01 265415                     /usr/lib/jvm/java-7-openjdk-amd64/jre/lib/jce.jar
7fa5aa660000-7fa5aa664000 r--s 0004f000 08:01 265356                     /usr/lib/jvm/java-7-openjdk-amd64/jre/lib/jsse.jar
7fa5aa664000-7fa5aa67b000 r-xp 00000000 08:01 265411                     /usr/lib/jvm/java-7-openjdk-amd64/jre/lib/amd64/libnet.so
7fa5aa67b000-7fa5aa87a000 ---p 00017000 08:01 265411                     /usr/lib/jvm/java-7-openjdk-amd64/jre/lib/amd64/libnet.so
7fa5aa87a000-7fa5aa87b000 r--p 00016000 08:01 265411                     /usr/lib/jvm/java-7-openjdk-amd64/jre/lib/amd64/libnet.so
7fa5aa87b000-7fa5aa87c000 rw-p 00017000 08:01 265411                     /usr/lib/jvm/java-7-openjdk-amd64/jre/lib/amd64/libnet.so
7fa5aa87c000-7fa5aa88c000 r-xp 00000000 08:01 265391                     /usr/lib/jvm/java-7-openjdk-amd64/jre/lib/amd64/libnio.so
7fa5aa88c000-7fa5aaa8c000 ---p 00010000 08:01 265391                     /usr/lib/jvm/java-7-openjdk-amd64/jre/lib/amd64/libnio.so
7fa5aaa8c000-7fa5aaa8d000 r--p 00010000 08:01 265391                     /usr/lib/jvm/java-7-openjdk-amd64/jre/lib/amd64/libnio.so
7fa5aaa8d000-7fa5aaa8e000 rw-p 00011000 08:01 265391                     /usr/lib/jvm/java-7-openjdk-amd64/jre/lib/amd64/libnio.so
7fa5aaa8e000-7fa5aaa90000 r--s 00005000 08:01 394547                     /home/vagrant/.ivy2/cache/org.slf4j/slf4j-api/jars/slf4j-api-1.7.5.jar
7fa5aaa90000-7fa5aaa9a000 r--s 0005d000 08:01 394544                     /home/vagrant/.ivy2/cache/ch.qos.logback/logback-core/jars/logback-core-1.0.13.jar
7fa5aaa9a000-7fa5aaaa0000 r--s 0003b000 08:01 394541                     /home/vagrant/.ivy2/cache/ch.qos.logback/logback-classic/jars/logback-classic-1.0.13.jar
7fa5aaaa0000-7fa5aaaa2000 r--s 00002000 08:01 394539                     /home/vagrant/.ivy2/cache/com.typesafe.akka/akka-slf4j_2.10/bundles/akka-slf4j_2.10-2.1.4.jar
7fa5aaaa2000-7fa5aaaa4000 r--s 00005000 08:01 394400                     /home/vagrant/.ivy2/cache/com.azavea.geotrellis/geotrellis-services_2.10/jars/geotrellis-services_2.10-0.9.0-RC4.jar
7fa5aaaa4000-7fa5aaac2000 r--s 00180000 08:01 394515                     /home/vagrant/.ivy2/cache/org.apache.commons/commons-math3/jars/commons-math3-3.2.jar
7fa5aaac2000-7fa5aaac3000 r--s 0000a000 08:01 394511                     /home/vagrant/.ivy2/cache/io.spray/spray-client/bundles/spray-client-1.2.0.jar
7fa5aaac3000-7fa5aab13000 r--s 00660000 08:01 394481                     /home/vagrant/.ivy2/cache/org.spire-math/spire_2.10/jars/spire_2.10-0.4.0.jar
7fa5aab13000-7fa5aab1e000 r--s 0007a000 08:01 394479                     /home/vagrant/.ivy2/cache/org.codehaus.jackson/jackson-mapper-asl/jars/jackson-mapper-asl-1.6.1.jar
7fa5aab1e000-7fa5aab22000 r--s 0002e000 08:01 394477                     /home/vagrant/.ivy2/cache/org.codehaus.jackson/jackson-core-asl/jars/jackson-core-asl-1.6.1.jar
7fa5aab22000-7fa5aab23000 r--s 00004000 08:01 394535                     /home/vagrant/.ivy2/cache/net.sandrogrzicic/scalabuff-runtime_2.10/jars/scalabuff-runtime_2.10-1.2.0.jar
7fa5aab23000-7fa5aab32000 r--s 000dc000 08:01 394473                     /home/vagrant/.ivy2/cache/com.typesafe.akka/akka-cluster_2.10/bundles/akka-cluster_2.10-2.2.3.jar
7fa5aab32000-7fa5aab34000 r--s 0000a000 08:01 394533                     /home/vagrant/.ivy2/cache/org.uncommons.maths/uncommons-maths/jars/uncommons-maths-1.2.2a.jar
7fa5aab34000-7fa5aab3a000 r--s 00068000 08:01 394531                     /home/vagrant/.ivy2/cache/com.google.protobuf/protobuf-java/jars/protobuf-java-2.4.1.jar
7fa5aab3a000-7fa5aab52000 r--s 0010f000 08:01 394525                     /home/vagrant/.ivy2/cache/io.netty/netty/bundles/netty-3.6.6.Final.jar
7fa5aab52000-7fa5aab66000 r--s 00124000 08:01 394462                     /home/vagrant/.ivy2/cache/com.typesafe.akka/akka-remote_2.10/bundles/akka-remote_2.10-2.2.3.jar
7fa5aab66000-7fa5aab67000 r--s 00003000 08:01 394460                     /home/vagrant/.ivy2/cache/com.typesafe.akka/akka-kernel_2.10/jars/akka-kernel_2.10-2.2.3.jar
7fa5aab67000-7fa5aab79000 r--s 000c9000 08:01 394518                     /home/vagrant/.ivy2/cache/xerces/xercesImpl/jars/xercesImpl-2.4.0.jar
7fa5aab79000-7fa5aab8a000 r--s 000ac000 08:01 394453                     /home/vagrant/.ivy2/cache/com.vividsolutions/jts/jars/jts-1.12.jar
7fa5aab8a000-7fa5aabbf000 r--s 002d2000 08:01 394026                     /home/vagrant/.ivy2/cache/org.scala-lang/scala-reflect/jars/scala-reflect-2.10.2.jar
7fa5aabbf000-7fa5aabc0000 r--s 00000000 08:01 394451                     /home/vagrant/.ivy2/cache/com.azavea.geotrellis/geotrellis-macros_2.10/jars/geotrellis-macros_2.10-0.9.0-RC4.jar
7fa5aabc0000-7fa5aabf7000 r--s 002c1000 08:01 394389                     /home/vagrant/.ivy2/cache/com.azavea.geotrellis/geotrellis_2.10/jars/geotrellis_2.10-0.9.0-RC4.jar
7fa5aabf7000-7fa5aac17000 r--s 00119000 08:01 394440                     /home/vagrant/.ivy2/cache/com.chuusai/shapeless_2.10/jars/shapeless_2.10-1.2.4.jar
7fa5aac17000-7fa5aac21000 r--s 00066000 08:01 394435                     /home/vagrant/.ivy2/cache/io.spray/spray-httpx/bundles/spray-httpx-1.2.0.jar
7fa5aac21000-7fa5aac35000 r--s 000e7000 08:01 394385                     /home/vagrant/.ivy2/cache/io.spray/spray-routing/bundles/spray-routing-1.2.0.jar
7fa5aac35000-7fa5aac39000 r--s 00019000 08:01 394431                     /home/vagrant/.ivy2/cache/com.googlecode.concurrentlinkedhashmap/concurrentlinkedhashmap-lru/jars/concurrentlinkedhashmap-lru-1.4.jar
7fa5aac39000-7fa5aac3e000 r--s 00029000 08:01 394428                     /home/vagrant/.ivy2/cache/org.parboiled/parboiled-core/bundles/parboiled-core-1.1.6.jar
7fa5aac3e000-7fa5aac43000 r--s 00036000 08:01 394424                     /home/vagrant/.ivy2/cache/org.parboiled/parboiled-scala_2.10/bundles/parboiled-scala_2.10-1.1.6.jar
7fa5aac43000-7fa5aac5c000 r--s 00121000 08:01 394414                     /home/vagrant/.ivy2/cache/io.spray/spray-http/bundles/spray-http-1.2.0.jar
7fa5aac5c000-7fa5aacce000 r--s 0065a000 08:01 394035                     /home/vagrant/.ivy2/cache/org.scala-lang/scala-library/jars/scala-library-2.10.4.jar
7fa5aacce000-7fa5aaccf000 ---p 00000000 00:00 0 
7fa5aaccf000-7fa5aadcf000 rw-p 00000000 00:00 0                          [stack:10181]
7fa5aadcf000-7fa5aadd2000 ---p 00000000 00:00 0 
7fa5aadd2000-7fa5aaed0000 rw-p 00000000 00:00 0                          [stack:10180]
7fa5aaed0000-7fa5aaed3000 ---p 00000000 00:00 0 
7fa5aaed3000-7fa5aafd1000 rw-p 00000000 00:00 0                          [stack:10179]
7fa5aafd1000-7fa5aafd4000 ---p 00000000 00:00 0 
7fa5aafd4000-7fa5ab0d2000 rw-p 00000000 00:00 0                          [stack:10178]
7fa5ab0d2000-7fa5ab0d5000 ---p 00000000 00:00 0 
7fa5ab0d5000-7fa5ab1d3000 rw-p 00000000 00:00 0                          [stack:10177]
7fa5ab1d3000-7fa5ab35c000 r--p 00000000 08:01 24405                      /usr/lib/locale/locale-archive
7fa5ab35c000-7fa5ab35f000 ---p 00000000 00:00 0 
7fa5ab35f000-7fa5ab45d000 rw-p 00000000 00:00 0                          [stack:10176]
7fa5ab45d000-7fa5ab460000 ---p 00000000 00:00 0 
7fa5ab460000-7fa5ab55e000 rw-p 00000000 00:00 0                          [stack:10175]
7fa5ab55e000-7fa5ab55f000 ---p 00000000 00:00 0 
7fa5ab55f000-7fa5ab65f000 rw-p 00000000 00:00 0                          [stack:10174]
7fa5ab65f000-7fa5ab811000 r--s 01d2f000 08:01 265375                     /usr/lib/jvm/java-7-openjdk-amd64/jre/lib/rt.jar
7fa5ab811000-7fa5ab854000 rw-p 00000000 00:00 0 
7fa5ab854000-7fa5abd67000 rw-p 00000000 00:00 0 
7fa5abd67000-7fa5abd89000 rw-p 00000000 00:00 0 
7fa5abd89000-7fa5ac011000 rw-p 00000000 00:00 0 
7fa5ac011000-7fa5ac055000 rw-p 00000000 00:00 0 
7fa5ac055000-7fa5ac567000 rw-p 00000000 00:00 0 
7fa5ac567000-7fa5ac578000 rw-p 00000000 00:00 0 
7fa5ac578000-7fa5ac5ba000 rw-p 00000000 00:00 0 
7fa5ac5ba000-7fa5ac5bb000 rw-p 00000000 00:00 0 
7fa5ac5bb000-7fa5ac82b000 rwxp 00000000 00:00 0 
7fa5ac82b000-7fa5af5bb000 rw-p 00000000 00:00 0 
7fa5af5bb000-7fa5af5c3000 r-xp 00000000 08:01 265384                     /usr/lib/jvm/java-7-openjdk-amd64/jre/lib/amd64/libzip.so
7fa5af5c3000-7fa5af7c2000 ---p 00008000 08:01 265384                     /usr/lib/jvm/java-7-openjdk-amd64/jre/lib/amd64/libzip.so
7fa5af7c2000-7fa5af7c3000 r--p 00007000 08:01 265384                     /usr/lib/jvm/java-7-openjdk-amd64/jre/lib/amd64/libzip.so
7fa5af7c3000-7fa5af7c4000 rw-p 00008000 08:01 265384                     /usr/lib/jvm/java-7-openjdk-amd64/jre/lib/amd64/libzip.so
7fa5af7c4000-7fa5af7cf000 r-xp 00000000 08:01 2027                       /lib/x86_64-linux-gnu/libnss_files-2.19.so
7fa5af7cf000-7fa5af9ce000 ---p 0000b000 08:01 2027                       /lib/x86_64-linux-gnu/libnss_files-2.19.so
7fa5af9ce000-7fa5af9cf000 r--p 0000a000 08:01 2027                       /lib/x86_64-linux-gnu/libnss_files-2.19.so
7fa5af9cf000-7fa5af9d0000 rw-p 0000b000 08:01 2027                       /lib/x86_64-linux-gnu/libnss_files-2.19.so
7fa5af9d0000-7fa5af9db000 r-xp 00000000 08:01 1936                       /lib/x86_64-linux-gnu/libnss_nis-2.19.so
7fa5af9db000-7fa5afbda000 ---p 0000b000 08:01 1936                       /lib/x86_64-linux-gnu/libnss_nis-2.19.so
7fa5afbda000-7fa5afbdb000 r--p 0000a000 08:01 1936                       /lib/x86_64-linux-gnu/libnss_nis-2.19.so
7fa5afbdb000-7fa5afbdc000 rw-p 0000b000 08:01 1936                       /lib/x86_64-linux-gnu/libnss_nis-2.19.so
7fa5afbdc000-7fa5afbf3000 r-xp 00000000 08:01 2000                       /lib/x86_64-linux-gnu/libnsl-2.19.so
7fa5afbf3000-7fa5afdf2000 ---p 00017000 08:01 2000                       /lib/x86_64-linux-gnu/libnsl-2.19.so
7fa5afdf2000-7fa5afdf3000 r--p 00016000 08:01 2000                       /lib/x86_64-linux-gnu/libnsl-2.19.so
7fa5afdf3000-7fa5afdf4000 rw-p 00017000 08:01 2000                       /lib/x86_64-linux-gnu/libnsl-2.19.so
7fa5afdf4000-7fa5afdf6000 rw-p 00000000 00:00 0 
7fa5afdf6000-7fa5afdff000 r-xp 00000000 08:01 1963                       /lib/x86_64-linux-gnu/libnss_compat-2.19.so
7fa5afdff000-7fa5afffe000 ---p 00009000 08:01 1963                       /lib/x86_64-linux-gnu/libnss_compat-2.19.so
7fa5afffe000-7fa5affff000 r--p 00008000 08:01 1963                       /lib/x86_64-linux-gnu/libnss_compat-2.19.so
7fa5affff000-7fa5b0000000 rw-p 00009000 08:01 1963                       /lib/x86_64-linux-gnu/libnss_compat-2.19.so
7fa5b0000000-7fa5b086c000 rw-p 00000000 00:00 0 
7fa5b086c000-7fa5b4000000 ---p 00000000 00:00 0 
7fa5b4000000-7fa5b4003000 r--s 0001d000 08:01 394421                     /home/vagrant/.ivy2/cache/io.spray/spray-util/bundles/spray-util-1.2.0.jar
7fa5b4003000-7fa5b400e000 r--s 000a3000 08:01 394374                     /home/vagrant/.ivy2/cache/io.spray/spray-can/bundles/spray-can-1.2.0.jar
7fa5b400e000-7fa5b4036000 r--s 00264000 08:01 394349                     /home/vagrant/.ivy2/cache/com.typesafe.akka/akka-actor_2.10/jars/akka-actor_2.10-2.2.3.jar
7fa5b4036000-7fa5b4189000 rw-p 00000000 00:00 0 
7fa5b4189000-7fa5b41cc000 rw-p 00000000 00:00 0 
7fa5b41cc000-7fa5b41f7000 r-xp 00000000 08:01 265407                     /usr/lib/jvm/java-7-openjdk-amd64/jre/lib/amd64/libjava.so
7fa5b41f7000-7fa5b43f7000 ---p 0002b000 08:01 265407                     /usr/lib/jvm/java-7-openjdk-amd64/jre/lib/amd64/libjava.so
7fa5b43f7000-7fa5b43f8000 r--p 0002b000 08:01 265407                     /usr/lib/jvm/java-7-openjdk-amd64/jre/lib/amd64/libjava.so
7fa5b43f8000-7fa5b43fa000 rw-p 0002c000 08:01 265407                     /usr/lib/jvm/java-7-openjdk-amd64/jre/lib/amd64/libjava.so
7fa5b43fa000-7fa5b440a000 r-xp 00000000 08:01 265389                     /usr/lib/jvm/java-7-openjdk-amd64/jre/lib/amd64/libverify.so
7fa5b440a000-7fa5b4609000 ---p 00010000 08:01 265389                     /usr/lib/jvm/java-7-openjdk-amd64/jre/lib/amd64/libverify.so
7fa5b4609000-7fa5b460b000 r--p 0000f000 08:01 265389                     /usr/lib/jvm/java-7-openjdk-amd64/jre/lib/amd64/libverify.so
7fa5b460b000-7fa5b460c000 rw-p 00011000 08:01 265389                     /usr/lib/jvm/java-7-openjdk-amd64/jre/lib/amd64/libverify.so
7fa5b460c000-7fa5b4613000 r-xp 00000000 08:01 1968                       /lib/x86_64-linux-gnu/librt-2.19.so
7fa5b4613000-7fa5b4812000 ---p 00007000 08:01 1968                       /lib/x86_64-linux-gnu/librt-2.19.so
7fa5b4812000-7fa5b4813000 r--p 00006000 08:01 1968                       /lib/x86_64-linux-gnu/librt-2.19.so
7fa5b4813000-7fa5b4814000 rw-p 00007000 08:01 1968                       /lib/x86_64-linux-gnu/librt-2.19.so
7fa5b4814000-7fa5b482a000 r-xp 00000000 08:01 1901                       /lib/x86_64-linux-gnu/libgcc_s.so.1
7fa5b482a000-7fa5b4a29000 ---p 00016000 08:01 1901                       /lib/x86_64-linux-gnu/libgcc_s.so.1
7fa5b4a29000-7fa5b4a2a000 rw-p 00015000 08:01 1901                       /lib/x86_64-linux-gnu/libgcc_s.so.1
7fa5b4a2a000-7fa5b4b2f000 r-xp 00000000 08:01 2023                       /lib/x86_64-linux-gnu/libm-2.19.so
7fa5b4b2f000-7fa5b4d2e000 ---p 00105000 08:01 2023                       /lib/x86_64-linux-gnu/libm-2.19.so
7fa5b4d2e000-7fa5b4d2f000 r--p 00104000 08:01 2023                       /lib/x86_64-linux-gnu/libm-2.19.so
7fa5b4d2f000-7fa5b4d30000 rw-p 00105000 08:01 2023                       /lib/x86_64-linux-gnu/libm-2.19.so
7fa5b4d30000-7fa5b4e16000 r-xp 00000000 08:01 23699                      /usr/lib/x86_64-linux-gnu/libstdc++.so.6.0.19
7fa5b4e16000-7fa5b5015000 ---p 000e6000 08:01 23699                      /usr/lib/x86_64-linux-gnu/libstdc++.so.6.0.19
7fa5b5015000-7fa5b501d000 r--p 000e5000 08:01 23699                      /usr/lib/x86_64-linux-gnu/libstdc++.so.6.0.19
7fa5b501d000-7fa5b501f000 rw-p 000ed000 08:01 23699                      /usr/lib/x86_64-linux-gnu/libstdc++.so.6.0.19
7fa5b501f000-7fa5b5034000 rw-p 00000000 00:00 0 
7fa5b5034000-7fa5b5b59000 r-xp 00000000 08:01 265385                     /usr/lib/jvm/java-7-openjdk-amd64/jre/lib/amd64/server/libjvm.so
7fa5b5b59000-7fa5b5d59000 ---p 00b25000 08:01 265385                     /usr/lib/jvm/java-7-openjdk-amd64/jre/lib/amd64/server/libjvm.so
7fa5b5d59000-7fa5b5df3000 r--p 00b25000 08:01 265385                     /usr/lib/jvm/java-7-openjdk-amd64/jre/lib/amd64/server/libjvm.so
7fa5b5df3000-7fa5b5e16000 rw-p 00bbf000 08:01 265385                     /usr/lib/jvm/java-7-openjdk-amd64/jre/lib/amd64/server/libjvm.so
7fa5b5e16000-7fa5b5e44000 rw-p 00000000 00:00 0 
7fa5b5e44000-7fa5b5e5c000 r-xp 00000000 08:01 1888                       /lib/x86_64-linux-gnu/libz.so.1.2.8
7fa5b5e5c000-7fa5b605b000 ---p 00018000 08:01 1888                       /lib/x86_64-linux-gnu/libz.so.1.2.8
7fa5b605b000-7fa5b605c000 r--p 00017000 08:01 1888                       /lib/x86_64-linux-gnu/libz.so.1.2.8
7fa5b605c000-7fa5b605d000 rw-p 00018000 08:01 1888                       /lib/x86_64-linux-gnu/libz.so.1.2.8
7fa5b605d000-7fa5b6076000 r-xp 00000000 08:01 2018                       /lib/x86_64-linux-gnu/libpthread-2.19.so
7fa5b6076000-7fa5b6275000 ---p 00019000 08:01 2018                       /lib/x86_64-linux-gnu/libpthread-2.19.so
7fa5b6275000-7fa5b6276000 r--p 00018000 08:01 2018                       /lib/x86_64-linux-gnu/libpthread-2.19.so
7fa5b6276000-7fa5b6277000 rw-p 00019000 08:01 2018                       /lib/x86_64-linux-gnu/libpthread-2.19.so
7fa5b6277000-7fa5b627b000 rw-p 00000000 00:00 0 
7fa5b627b000-7fa5b627e000 r-xp 00000000 08:01 1993                       /lib/x86_64-linux-gnu/libdl-2.19.so
7fa5b627e000-7fa5b647d000 ---p 00003000 08:01 1993                       /lib/x86_64-linux-gnu/libdl-2.19.so
7fa5b647d000-7fa5b647e000 r--p 00002000 08:01 1993                       /lib/x86_64-linux-gnu/libdl-2.19.so
7fa5b647e000-7fa5b647f000 rw-p 00003000 08:01 1993                       /lib/x86_64-linux-gnu/libdl-2.19.so
7fa5b647f000-7fa5b663a000 r-xp 00000000 08:01 1880                       /lib/x86_64-linux-gnu/libc-2.19.so
7fa5b663a000-7fa5b683a000 ---p 001bb000 08:01 1880                       /lib/x86_64-linux-gnu/libc-2.19.so
7fa5b683a000-7fa5b683e000 r--p 001bb000 08:01 1880                       /lib/x86_64-linux-gnu/libc-2.19.so
7fa5b683e000-7fa5b6840000 rw-p 001bf000 08:01 1880                       /lib/x86_64-linux-gnu/libc-2.19.so
7fa5b6840000-7fa5b6845000 rw-p 00000000 00:00 0 
7fa5b6845000-7fa5b6852000 r-xp 00000000 08:01 265379                     /usr/lib/jvm/java-7-openjdk-amd64/jre/lib/amd64/jli/libjli.so
7fa5b6852000-7fa5b6a51000 ---p 0000d000 08:01 265379                     /usr/lib/jvm/java-7-openjdk-amd64/jre/lib/amd64/jli/libjli.so
7fa5b6a51000-7fa5b6a52000 r--p 0000c000 08:01 265379                     /usr/lib/jvm/java-7-openjdk-amd64/jre/lib/amd64/jli/libjli.so
7fa5b6a52000-7fa5b6a53000 rw-p 0000d000 08:01 265379                     /usr/lib/jvm/java-7-openjdk-amd64/jre/lib/amd64/jli/libjli.so
7fa5b6a53000-7fa5b6a76000 r-xp 00000000 08:01 1892                       /lib/x86_64-linux-gnu/ld-2.19.so
7fa5b6a76000-7fa5b6a78000 r--s 0000e000 08:01 394449                     /home/vagrant/.ivy2/cache/org.jvnet.mimepull/mimepull/jars/mimepull-1.9.3.jar
7fa5b6a78000-7fa5b6a7d000 r--s 0002b000 08:01 394411                     /home/vagrant/.ivy2/cache/io.spray/spray-io/bundles/spray-io-1.2.0.jar
7fa5b6a7d000-7fa5b6a83000 r--s 00049000 08:01 394369                     /home/vagrant/.ivy2/cache/io.spray/spray-json_2.10/jars/spray-json_2.10-1.2.5.jar
7fa5b6a83000-7fa5b6a87000 r--s 0002a000 08:01 394407                     /home/vagrant/.ivy2/cache/com.typesafe/config/bundles/config-1.0.2.jar
7fa5b6a87000-7fa5b6a8c000 r--s 00041000 08:01 394404                     /home/vagrant/.ivy2/cache/commons-lang/commons-lang/jars/commons-lang-2.6.jar
7fa5b6a8c000-7fa5b6a8e000 r--s 0000c000 08:01 394344                     /home/vagrant/.ivy2/cache/io.spray/twirl-api_2.10/jars/twirl-api_2.10-0.7.0.jar
7fa5b6a8e000-7fa5b6a92000 r--s 00085000 08:01 265417                     /usr/lib/jvm/java-7-openjdk-amd64/jre/lib/ext/localedata.jar
7fa5b6a92000-7fa5b6a94000 r--s 00012000 08:01 265419                     /usr/lib/jvm/java-7-openjdk-amd64/jre/lib/ext/zipfs.jar
7fa5b6a94000-7fa5b6a98000 r--s 0003c000 08:01 265420                     /usr/lib/jvm/java-7-openjdk-amd64/jre/lib/ext/sunpkcs11.jar
7fa5b6a98000-7fa5b6a9c000 r--s 00034000 08:01 265418                     /usr/lib/jvm/java-7-openjdk-amd64/jre/lib/ext/sunjce_provider.jar
7fa5b6a9c000-7fa5b6aa6000 rw-p 00000000 00:00 0 
7fa5b6aa6000-7fa5b6b5c000 rw-p 00000000 00:00 0 
7fa5b6b5c000-7fa5b6b64000 rw-s 00000000 08:01 394673                     /tmp/hsperfdata_vagrant/10168
7fa5b6b64000-7fa5b6b67000 ---p 00000000 00:00 0 
7fa5b6b67000-7fa5b6c6a000 rw-p 00000000 00:00 0                          [stack:10170]
7fa5b6c6a000-7fa5b6c6b000 r--s 00005000 08:01 394382                     /home/vagrant/.ivy2/cache/io.spray/spray-caching/bundles/spray-caching-1.2.0.jar
7fa5b6c6b000-7fa5b6c6d000 r--s 00006000 08:01 16513                      /usr/share/java/java-atk-wrapper.jar
7fa5b6c6d000-7fa5b6c6e000 r--s 00002000 08:01 265421                     /usr/lib/jvm/java-7-openjdk-amd64/jre/lib/ext/dnsns.jar
7fa5b6c6e000-7fa5b6c71000 r--s 0000f000 08:01 265422                     /usr/lib/jvm/java-7-openjdk-amd64/jre/lib/ext/icedtea-sound.jar
7fa5b6c71000-7fa5b6c72000 rw-p 00000000 00:00 0 
7fa5b6c72000-7fa5b6c73000 ---p 00000000 00:00 0 
7fa5b6c73000-7fa5b6c75000 rw-p 00000000 00:00 0 
7fa5b6c75000-7fa5b6c76000 r--p 00022000 08:01 1892                       /lib/x86_64-linux-gnu/ld-2.19.so
7fa5b6c76000-7fa5b6c77000 rw-p 00023000 08:01 1892                       /lib/x86_64-linux-gnu/ld-2.19.so
7fa5b6c77000-7fa5b6c78000 rw-p 00000000 00:00 0 
7fffab0e9000-7fffab10b000 rw-p 00000000 00:00 0                          [stack]
7fffab178000-7fffab17a000 r-xp 00000000 00:00 0                          [vdso]
ffffffffff600000-ffffffffff601000 r-xp 00000000 00:00 0                  [vsyscall]

VM Arguments:
jvm_args: -Xmx4G 
java_command: spray.site.Main
Launcher Type: SUN_STANDARD

Environment Variables:
PATH=/usr/local/sbin:/usr/local/bin:/usr/sbin:/usr/bin:/sbin:/bin:/usr/games:/usr/local/games
SHELL=/bin/bash

Signal Handlers:
SIGSEGV: [libjvm.so+0x955bc0], sa_mask[0]=0x7ffbfeff, sa_flags=0x10000004
SIGBUS: [libjvm.so+0x955bc0], sa_mask[0]=0x7ffbfeff, sa_flags=0x10000004
SIGFPE: [libjvm.so+0x7caff0], sa_mask[0]=0x7ffbfeff, sa_flags=0x10000004
SIGPIPE: SIG_IGN, sa_mask[0]=0x00000000, sa_flags=0x00000000
SIGXFSZ: [libjvm.so+0x7caff0], sa_mask[0]=0x7ffbfeff, sa_flags=0x10000004
SIGILL: [libjvm.so+0x7caff0], sa_mask[0]=0x7ffbfeff, sa_flags=0x10000004
SIGUSR1: SIG_DFL, sa_mask[0]=0x00000000, sa_flags=0x00000000
SIGUSR2: [libjvm.so+0x7cae90], sa_mask[0]=0x00000004, sa_flags=0x10000004
SIGHUP: [libjvm.so+0x7cb070], sa_mask[0]=0x7ffbfeff, sa_flags=0x10000004
SIGINT: [libjvm.so+0x7cb070], sa_mask[0]=0x7ffbfeff, sa_flags=0x10000004
SIGTERM: [libjvm.so+0x7cb070], sa_mask[0]=0x7ffbfeff, sa_flags=0x10000004
SIGQUIT: [libjvm.so+0x7cb070], sa_mask[0]=0x7ffbfeff, sa_flags=0x10000004
SIGTRAP: SIG_DFL, sa_mask[0]=0x00000000, sa_flags=0x00000000


---------------  S Y S T E M  ---------------

OS:Ubuntu 14.04 (trusty)
uname:Linux 3.13.0-39-generic #66-Ubuntu SMP Tue Oct 28 13:30:27 UTC 2014 x86_64
libc:glibc 2.19 NPTL 2.19 
rlimit: STACK 8192k, CORE 0k, NPROC 7873, NOFILE 4096, AS infinity
load average:0.17 0.12 0.14

/proc/meminfo:
MemTotal:        1017728 kB
MemFree:           55600 kB
Buffers:             216 kB
Cached:             3820 kB
SwapCached:            0 kB
Active:           905096 kB
Inactive:           3860 kB
Active(anon):     905012 kB
Inactive(anon):     1512 kB
Active(file):         84 kB
Inactive(file):     2348 kB
Unevictable:           0 kB
Mlocked:               0 kB
SwapTotal:             0 kB
SwapFree:              0 kB
Dirty:                16 kB
Writeback:             0 kB
AnonPages:        904908 kB
Mapped:             1456 kB
Shmem:              1616 kB
Slab:              24072 kB
SReclaimable:      12632 kB
SUnreclaim:        11440 kB
KernelStack:        1272 kB
PageTables:         7196 kB
NFS_Unstable:          0 kB
Bounce:                0 kB
WritebackTmp:          0 kB
CommitLimit:      508864 kB
Committed_AS:    1237120 kB
VmallocTotal:   34359738367 kB
VmallocUsed:       18664 kB
VmallocChunk:   34359701159 kB
HardwareCorrupted:     0 kB
AnonHugePages:    536576 kB
HugePages_Total:       0
HugePages_Free:        0
HugePages_Rsvd:        0
HugePages_Surp:        0
Hugepagesize:       2048 kB
DirectMap4k:       38848 kB
DirectMap2M:     1009664 kB


CPU:total 2 (2 cores per cpu, 1 threads per core) family 6 model 70 stepping 1, cmov, cx8, fxsr, mmx, sse, sse2, sse3, ssse3, tsc

/proc/cpuinfo:
processor	: 0
vendor_id	: GenuineIntel
cpu family	: 6
model		: 70
model name	: Intel(R) Core(TM) i7-4850HQ CPU @ 2.30GHz
stepping	: 1
microcode	: 0x19
cpu MHz		: 2301.306
cache size	: 6144 KB
physical id	: 0
siblings	: 2
core id		: 0
cpu cores	: 2
apicid		: 0
initial apicid	: 0
fpu		: yes
fpu_exception	: yes
cpuid level	: 5
wp		: yes
flags		: fpu vme de pse tsc msr pae mce cx8 apic sep mtrr pge mca cmov pat pse36 clflush mmx fxsr sse sse2 ht syscall nx rdtscp lm constant_tsc rep_good nopl pni ssse3 lahf_lm
bogomips	: 4602.61
clflush size	: 64
cache_alignment	: 64
address sizes	: 39 bits physical, 48 bits virtual
power management:

processor	: 1
vendor_id	: GenuineIntel
cpu family	: 6
model		: 70
model name	: Intel(R) Core(TM) i7-4850HQ CPU @ 2.30GHz
stepping	: 1
microcode	: 0x19
cpu MHz		: 2301.306
cache size	: 6144 KB
physical id	: 0
siblings	: 2
core id		: 1
cpu cores	: 2
apicid		: 1
initial apicid	: 1
fpu		: yes
fpu_exception	: yes
cpuid level	: 5
wp		: yes
flags		: fpu vme de pse tsc msr pae mce cx8 apic sep mtrr pge mca cmov pat pse36 clflush mmx fxsr sse sse2 ht syscall nx rdtscp lm constant_tsc rep_good nopl pni ssse3 lahf_lm
bogomips	: 4602.61
clflush size	: 64
cache_alignment	: 64
address sizes	: 39 bits physical, 48 bits virtual
power management:



Memory: 4k page, physical 1017728k(55600k free), swap 0k(0k free)

vm_info: OpenJDK 64-Bit Server VM (24.95-b01) for linux-amd64 JRE (1.7.0_95-b00), built on Jan 21 2016 03:31:40 by "buildd" with gcc 4.8.4

time: Mon Mar  7 23:05:45 2016
elapsed time: 1322 seconds

