#
# There is insufficient memory for the Java Runtime Environment to continue.
# Native memory allocation (malloc) failed to allocate 50683904 bytes for committing reserved memory.
# Possible reasons:
#   The system is out of physical RAM or swap space
#   In 32 bit mode, the process size limit was hit
# Possible solutions:
#   Reduce memory load on the system
#   Increase physical memory or swap space
#   Check if swap backing store is full
#   Use 64 bit Java on a 64 bit OS
#   Decrease Java heap size (-Xmx/-Xms)
#   Decrease number of Java threads
#   Decrease Java thread stack sizes (-Xss)
#   Set larger code cache with -XX:ReservedCodeCacheSize=
# This output file may be truncated or incomplete.
#
#  Out of Memory Error (os_linux.cpp:2827), pid=11310, tid=139930560493312
#
# JRE version: OpenJDK Runtime Environment (7.0_95) (build 1.7.0_95-b00)
# Java VM: OpenJDK 64-Bit Server VM (24.95-b01 mixed mode linux-amd64 compressed oops)
# Derivative: IcedTea 2.6.4
# Distribution: Ubuntu 14.04.3 LTS, package 7u95-2.6.4-0ubuntu0.14.04.1
# Failed to write core dump. Core dumps have been disabled. To enable core dumping, try "ulimit -c unlimited" before starting Java again
#

---------------  T H R E A D  ---------------

Current thread (0x00007f442406d000):  VMThread [stack: 0x00007f441f49f000,0x00007f441f5a0000] [id=11315]

Stack: [0x00007f441f49f000,0x00007f441f5a0000],  sp=0x00007f441f59e590,  free space=1021k
Native frames: (J=compiled Java code, j=interpreted, Vv=VM code, C=native code)
V  [libjvm.so+0x9550e5]
V  [libjvm.so+0x4902b4]
V  [libjvm.so+0x7cf7bb]
V  [libjvm.so+0x7ca28f]
V  [libjvm.so+0x951fd4]
V  [libjvm.so+0x5676de]
V  [libjvm.so+0x567a15]
V  [libjvm.so+0x559210]
V  [libjvm.so+0x4293d2]
V  [libjvm.so+0x955fd1]
V  [libjvm.so+0x95abe7]
V  [libjvm.so+0x9596a8]
V  [libjvm.so+0x959b09]
V  [libjvm.so+0x959f52]
V  [libjvm.so+0x7cc682]

VM_Operation (0x00007f43e6a3ab00): GenCollectForAllocation, mode: safepoint, requested by thread 0x00007f440c05f000


---------------  P R O C E S S  ---------------

Java Threads: ( => current thread )
  0x00007f440c05f000 JavaThread "GeoTrellis-akka.actor.default-dispatcher-9" [_thread_blocked, id=11341, stack(0x00007f43e693c000,0x00007f43e6a3d000)]
  0x00007f43fc007800 JavaThread "GeoTrellis-akka.actor.default-dispatcher-8" [_thread_blocked, id=11340, stack(0x00007f43e6a3d000,0x00007f43e6b3e000)]
  0x00007f43fc005800 JavaThread "GeoTrellis-akka.actor.default-dispatcher-7" [_thread_blocked, id=11339, stack(0x00007f43e6b3e000,0x00007f43e6c3f000)]
  0x00007f43e8094800 JavaThread "GeoTrellis-akka.actor.default-dispatcher-6" [_thread_blocked, id=11338, stack(0x00007f43e6c3f000,0x00007f43e6d40000)]
  0x00007f43fc001000 JavaThread "GeoTrellis-akka.actor.default-dispatcher-5" [_thread_blocked, id=11337, stack(0x00007f43e6d40000,0x00007f43e6e41000)]
  0x00007f43f005d000 JavaThread "GeoTrellis-akka.actor.default-dispatcher-4" [_thread_blocked, id=11336, stack(0x00007f43e6e41000,0x00007f43e6f42000)]
  0x00007f43e8093000 JavaThread "GeoTrellis-akka.actor.default-dispatcher-3" [_thread_blocked, id=11335, stack(0x00007f43e6f42000,0x00007f43e7043000)]
  0x00007f43e8091800 JavaThread "GeoTrellis-akka.actor.default-dispatcher-2" [_thread_blocked, id=11334, stack(0x00007f43e7043000,0x00007f43e7144000)]
  0x00007f43e808e800 JavaThread "GeoTrellis-scheduler-1" [_thread_blocked, id=11333, stack(0x00007f43e7144000,0x00007f43e7245000)]
  0x00007f43ec10d000 JavaThread "site-akka.actor.default-dispatcher-10" [_thread_blocked, id=11332, stack(0x00007f43e7245000,0x00007f43e7346000)]
  0x00007f43f001b800 JavaThread "site-akka.actor.default-dispatcher-9" [_thread_blocked, id=11331, stack(0x00007f43e7346000,0x00007f43e7447000)]
  0x00007f43f4179000 JavaThread "site-akka.actor.default-dispatcher-8" [_thread_blocked, id=11330, stack(0x00007f43e7447000,0x00007f43e7548000)]
  0x00007f43ec0f2000 JavaThread "site-akka.actor.default-dispatcher-7" [_thread_blocked, id=11329, stack(0x00007f43e7548000,0x00007f43e7649000)]
  0x00007f43ec0ec800 JavaThread "site-akka.io.pinned-dispatcher-6" [_thread_in_native, id=11328, stack(0x00007f441c06d000,0x00007f441c16e000)]
  0x00007f442400b800 JavaThread "DestroyJavaVM" [_thread_blocked, id=11311, stack(0x00007f442aa95000,0x00007f442ab96000)]
  0x00007f43f0006000 JavaThread "site-akka.actor.default-dispatcher-5" [_thread_blocked, id=11327, stack(0x00007f441cd02000,0x00007f441ce03000)]
  0x00007f4424688800 JavaThread "site-akka.actor.default-dispatcher-4" [_thread_blocked, id=11326, stack(0x00007f441ce03000,0x00007f441cf04000)]
  0x00007f4424686800 JavaThread "site-akka.actor.default-dispatcher-3" [_thread_blocked, id=11325, stack(0x00007f441cf04000,0x00007f441d005000)]
  0x00007f4424672000 JavaThread "site-akka.actor.default-dispatcher-2" [_thread_blocked, id=11324, stack(0x00007f441d005000,0x00007f441d106000)]
  0x00007f442455d800 JavaThread "site-scheduler-1" [_thread_blocked, id=11323, stack(0x00007f441d106000,0x00007f441d207000)]
  0x00007f44240a5000 JavaThread "Service Thread" daemon [_thread_blocked, id=11321, stack(0x00007f441ed10000,0x00007f441ee11000)]
  0x00007f44240a2800 JavaThread "C2 CompilerThread1" daemon [_thread_blocked, id=11320, stack(0x00007f441ee11000,0x00007f441ef12000)]
  0x00007f44240a0800 JavaThread "C2 CompilerThread0" daemon [_thread_blocked, id=11319, stack(0x00007f441ef12000,0x00007f441f013000)]
  0x00007f442409e000 JavaThread "Signal Dispatcher" daemon [_thread_blocked, id=11318, stack(0x00007f441f013000,0x00007f441f114000)]
  0x00007f4424073800 JavaThread "Finalizer" daemon [_thread_blocked, id=11317, stack(0x00007f441f29d000,0x00007f441f39e000)]
  0x00007f4424071800 JavaThread "Reference Handler" daemon [_thread_blocked, id=11316, stack(0x00007f441f39e000,0x00007f441f49f000)]

Other Threads:
=>0x00007f442406d000 VMThread [stack: 0x00007f441f49f000,0x00007f441f5a0000] [id=11315]
  0x00007f44240b0800 WatcherThread [stack: 0x00007f441ec0f000,0x00007f441ed10000] [id=11322]

VM state:at safepoint (normal execution)

VM Mutex/Monitor currently owned by a thread:  ([mutex/lock_event])
[0x00007f4424007df0] Threads_lock - owner thread: 0x00007f442406d000
[0x00007f44240082f0] Heap_lock - owner thread: 0x00007f440c05f000
[0x00007f44240088f0] MethodData_lock - owner thread: 0x00007f43e8091800

Heap
 def new generation   total 13824K, used 0K [0x00000006f5a00000, 0x00000006f6900000, 0x000000074af50000)
  eden space 12288K,   0% used [0x00000006f5a00000, 0x00000006f5a00000, 0x00000006f6600000)
  from space 1536K,   0% used [0x00000006f6780000, 0x00000006f6780000, 0x00000006f6900000)
  to   space 1536K,   0% used [0x00000006f6600000, 0x00000006f6600000, 0x00000006f6780000)
 tenured generation   total 85948K, used 81265K [0x000000074af50000, 0x000000075033f000, 0x00000007f5a00000)
   the space 85948K,  94% used [0x000000074af50000, 0x000000074feac5e8, 0x000000074feac600, 0x000000075033f000)
 compacting perm gen  total 29824K, used 29505K [0x00000007f5a00000, 0x00000007f7720000, 0x0000000800000000)
   the space 29824K,  98% used [0x00000007f5a00000, 0x00000007f76d0788, 0x00000007f76d0800, 0x00000007f7720000)
No shared spaces configured.

Card table byte_map: [0x00007f441fd67000,0x00007f44205bb000] byte_map_base: 0x00007f441c5ba000

Polling page: 0x00007f442aba3000

Code Cache  [0x00007f44205bb000, 0x00007f442082b000, 0x00007f44235bb000)
 total_blobs=580 nmethods=219 adapters=315 free_code_cache=48310Kb largest_free_block=49415936

Compilation events (10 events):
Event: 9.604 Thread 0x00007f44240a0800  242             java.lang.Object::equals (11 bytes)
Event: 9.604 Thread 0x00007f44240a0800 nmethod 242 0x00007f4420661b50 code [0x00007f4420661c80, 0x00007f4420661cf8]
Event: 9.607 Thread 0x00007f44240a0800  243             java.lang.Character::isWhitespace (9 bytes)
Event: 9.608 Thread 0x00007f44240a0800 nmethod 243 0x00007f442062c1d0 code [0x00007f442062c320, 0x00007f442062c498]
Event: 9.608 Thread 0x00007f44240a0800  244             java.lang.CharacterDataLatin1::isWhitespace (23 bytes)
Event: 9.609 Thread 0x00007f44240a0800 nmethod 244 0x00007f442062bf50 code [0x00007f442062c080, 0x00007f442062c118]
Event: 9.679 Thread 0x00007f44240a0800  245             scala.collection.TraversableOnce$class::$init$ (1 bytes)
Event: 9.679 Thread 0x00007f44240a0800 nmethod 245 0x00007f4420629110 code [0x00007f4420629240, 0x00007f4420629278]
Event: 9.679 Thread 0x00007f44240a0800  246             scala.collection.GenTraversableOnce$class::$init$ (1 bytes)
Event: 9.679 Thread 0x00007f44240a0800 nmethod 246 0x00007f442062aed0 code [0x00007f442062b000, 0x00007f442062b038]

GC Heap History (10 events):
Event: 8.651 GC heap after
Heap after GC invocations=29 (full 2):
 def new generation   total 8064K, used 0K [0x00000006f5a00000, 0x00000006f62b0000, 0x000000074af50000)
  eden space 7232K,   0% used [0x00000006f5a00000, 0x00000006f5a00000, 0x00000006f6110000)
  from space 832K,   0% used [0x00000006f6110000, 0x00000006f6110000, 0x00000006f61e0000)
  to   space 832K,   0% used [0x00000006f61e0000, 0x00000006f61e0000, 0x00000006f62b0000)
 tenured generation   total 17500K, used 10499K [0x000000074af50000, 0x000000074c067000, 0x00000007f5a00000)
   the space 17500K,  59% used [0x000000074af50000, 0x000000074b990f68, 0x000000074b991000, 0x000000074c067000)
 compacting perm gen  total 28864K, used 28831K [0x00000007f5a00000, 0x00000007f7630000, 0x0000000800000000)
   the space 28864K,  99% used [0x00000007f5a00000, 0x00000007f7627e98, 0x00000007f7628000, 0x00000007f7630000)
No shared spaces configured.
}
Event: 8.704 GC heap before
{Heap before GC invocations=29 (full 2):
 def new generation   total 8064K, used 4112K [0x00000006f5a00000, 0x00000006f62b0000, 0x000000074af50000)
  eden space 7232K,  56% used [0x00000006f5a00000, 0x00000006f5e04250, 0x00000006f6110000)
  from space 832K,   0% used [0x00000006f6110000, 0x00000006f6110000, 0x00000006f61e0000)
  to   space 832K,   0% used [0x00000006f61e0000, 0x00000006f61e0000, 0x00000006f62b0000)
 tenured generation   total 17500K, used 10499K [0x000000074af50000, 0x000000074c067000, 0x00000007f5a00000)
   the space 17500K,  59% used [0x000000074af50000, 0x000000074b990f68, 0x000000074b991000, 0x000000074c067000)
 compacting perm gen  total 28864K, used 28831K [0x00000007f5a00000, 0x00000007f7630000, 0x0000000800000000)
   the space 28864K,  99% used [0x00000007f5a00000, 0x00000007f7627e98, 0x00000007f7628000, 0x00000007f7630000)
No shared spaces configured.
Event: 8.708 GC heap after
Heap after GC invocations=30 (full 2):
 def new generation   total 8064K, used 1K [0x00000006f5a00000, 0x00000006f62b0000, 0x000000074af50000)
  eden space 7232K,   0% used [0x00000006f5a00000, 0x00000006f5a00000, 0x00000006f6110000)
  from space 832K,   0% used [0x00000006f61e0000, 0x00000006f61e0788, 0x00000006f62b0000)
  to   space 832K,   0% used [0x00000006f6110000, 0x00000006f6110000, 0x00000006f61e0000)
 tenured generation   total 17500K, used 14406K [0x000000074af50000, 0x000000074c067000, 0x00000007f5a00000)
   the space 17500K,  82% used [0x000000074af50000, 0x000000074bd61878, 0x000000074bd61a00, 0x000000074c067000)
 compacting perm gen  total 28864K, used 28831K [0x00000007f5a00000, 0x00000007f7630000, 0x0000000800000000)
   the space 28864K,  99% used [0x00000007f5a00000, 0x00000007f7627e98, 0x00000007f7628000, 0x00000007f7630000)
No shared spaces configured.
}
Event: 8.769 GC heap before
{Heap before GC invocations=30 (full 2):
 def new generation   total 8064K, used 3948K [0x00000006f5a00000, 0x00000006f62b0000, 0x000000074af50000)
  eden space 7232K,  54% used [0x00000006f5a00000, 0x00000006f5ddac28, 0x00000006f6110000)
  from space 832K,   0% used [0x00000006f61e0000, 0x00000006f61e0788, 0x00000006f62b0000)
  to   space 832K,   0% used [0x00000006f6110000, 0x00000006f6110000, 0x00000006f61e0000)
 tenured generation   total 17500K, used 14406K [0x000000074af50000, 0x000000074c067000, 0x00000007f5a00000)
   the space 17500K,  82% used [0x000000074af50000, 0x000000074bd61878, 0x000000074bd61a00, 0x000000074c067000)
 compacting perm gen  total 28864K, used 28831K [0x00000007f5a00000, 0x00000007f7630000, 0x0000000800000000)
   the space 28864K,  99% used [0x00000007f5a00000, 0x00000007f7627e98, 0x00000007f7628000, 0x00000007f7630000)
No shared spaces configured.
Event: 8.806 GC heap after
Heap after GC invocations=31 (full 3):
 def new generation   total 13824K, used 0K [0x00000006f5a00000, 0x00000006f6900000, 0x000000074af50000)
  eden space 12288K,   0% used [0x00000006f5a00000, 0x00000006f5a00000, 0x00000006f6600000)
  from space 1536K,   0% used [0x00000006f6600000, 0x00000006f6600000, 0x00000006f6780000)
  to   space 1536K,   0% used [0x00000006f6780000, 0x00000006f6780000, 0x00000006f6900000)
 tenured generation   total 30528K, used 18315K [0x000000074af50000, 0x000000074cd20000, 0x00000007f5a00000)
   the space 30528K,  59% used [0x000000074af50000, 0x000000074c132e08, 0x000000074c133000, 0x000000074cd20000)
 compacting perm gen  total 28864K, used 28831K [0x00000007f5a00000, 0x00000007f7630000, 0x0000000800000000)
   the space 28864K,  99% used [0x00000007f5a00000, 0x00000007f7627e98, 0x00000007f7628000, 0x00000007f7630000)
No shared spaces configured.
}
Event: 9.711 GC heap before
{Heap before GC invocations=31 (full 3):
 def new generation   total 13824K, used 5470K [0x00000006f5a00000, 0x00000006f6900000, 0x000000074af50000)
  eden space 12288K,  44% used [0x00000006f5a00000, 0x00000006f5f57b98, 0x00000006f6600000)
  from space 1536K,   0% used [0x00000006f6600000, 0x00000006f6600000, 0x00000006f6780000)
  to   space 1536K,   0% used [0x00000006f6780000, 0x00000006f6780000, 0x00000006f6900000)
 tenured generation   total 78132K, used 65918K [0x000000074af50000, 0x000000074fb9d000, 0x00000007f5a00000)
   the space 78132K,  84% used [0x000000074af50000, 0x000000074efafa18, 0x000000074efafc00, 0x000000074fb9d000)
 compacting perm gen  total 29824K, used 29531K [0x00000007f5a00000, 0x00000007f7720000, 0x0000000800000000)
   the space 29824K,  99% used [0x00000007f5a00000, 0x00000007f76d6c40, 0x00000007f76d6e00, 0x00000007f7720000)
No shared spaces configured.
Event: 9.713 GC heap after
Heap after GC invocations=32 (full 3):
 def new generation   total 13824K, used 891K [0x00000006f5a00000, 0x00000006f6900000, 0x000000074af50000)
  eden space 12288K,   0% used [0x00000006f5a00000, 0x00000006f5a00000, 0x00000006f6600000)
  from space 1536K,  58% used [0x00000006f6780000, 0x00000006f685ec28, 0x00000006f6900000)
  to   space 1536K,   0% used [0x00000006f6600000, 0x00000006f6600000, 0x00000006f6780000)
 tenured generation   total 78132K, used 65918K [0x000000074af50000, 0x000000074fb9d000, 0x00000007f5a00000)
   the space 78132K,  84% used [0x000000074af50000, 0x000000074efafa18, 0x000000074efafc00, 0x000000074fb9d000)
 compacting perm gen  total 29824K, used 29531K [0x00000007f5a00000, 0x00000007f7720000, 0x0000000800000000)
   the space 29824K,  99% used [0x00000007f5a00000, 0x00000007f76d6c40, 0x00000007f76d6e00, 0x00000007f7720000)
No shared spaces configured.
}
Event: 9.715 GC heap before
{Heap before GC invocations=32 (full 3):
 def new generation   total 13824K, used 8826K [0x00000006f5a00000, 0x00000006f6900000, 0x000000074af50000)
  eden space 12288K,  64% used [0x00000006f5a00000, 0x00000006f61bfe00, 0x00000006f6600000)
  from space 1536K,  58% used [0x00000006f6780000, 0x00000006f685ec28, 0x00000006f6900000)
  to   space 1536K,   0% used [0x00000006f6600000, 0x00000006f6600000, 0x00000006f6780000)
 tenured generation   total 78132K, used 65918K [0x000000074af50000, 0x000000074fb9d000, 0x00000007f5a00000)
   the space 78132K,  84% used [0x000000074af50000, 0x000000074efafa18, 0x000000074efafc00, 0x000000074fb9d000)
 compacting perm gen  total 29824K, used 29531K [0x00000007f5a00000, 0x00000007f7720000, 0x0000000800000000)
   the space 29824K,  99% used [0x00000007f5a00000, 0x00000007f76d6c40, 0x00000007f76d6e00, 0x00000007f7720000)
No shared spaces configured.
Event: 9.724 GC heap after
Heap after GC invocations=33 (full 3):
 def new generation   total 13824K, used 0K [0x00000006f5a00000, 0x00000006f6900000, 0x000000074af50000)
  eden space 12288K,   0% used [0x00000006f5a00000, 0x00000006f5a00000, 0x00000006f6600000)
  from space 1536K,   0% used [0x00000006f6600000, 0x00000006f6600078, 0x00000006f6780000)
  to   space 1536K,   0% used [0x00000006f6780000, 0x00000006f6780000, 0x00000006f6900000)
 tenured generation   total 78132K, used 74150K [0x000000074af50000, 0x000000074fb9d000, 0x00000007f5a00000)
   the space 78132K,  94% used [0x000000074af50000, 0x000000074f7b9b98, 0x000000074f7b9c00, 0x000000074fb9d000)
 compacting perm gen  total 29824K, used 29531K [0x00000007f5a00000, 0x00000007f7720000, 0x0000000800000000)
   the space 29824K,  99% used [0x00000007f5a00000, 0x00000007f76d6c40, 0x00000007f76d6e00, 0x00000007f7720000)
No shared spaces configured.
}
Event: 9.727 GC heap before
{Heap before GC invocations=33 (full 3):
 def new generation   total 13824K, used 7812K [0x00000006f5a00000, 0x00000006f6900000, 0x000000074af50000)
  eden space 12288K,  63% used [0x00000006f5a00000, 0x00000006f61a1270, 0x00000006f6600000)
  from space 1536K,   0% used [0x00000006f6600000, 0x00000006f6600078, 0x00000006f6780000)
  to   space 1536K,   0% used [0x00000006f6780000, 0x00000006f6780000, 0x00000006f6900000)
 tenured generation   total 78132K, used 74150K [0x000000074af50000, 0x000000074fb9d000, 0x00000007f5a00000)
   the space 78132K,  94% used [0x000000074af50000, 0x000000074f7b9b98, 0x000000074f7b9c00, 0x000000074fb9d000)
 compacting perm gen  total 29824K, used 29531K [0x00000007f5a00000, 0x00000007f7720000, 0x0000000800000000)
   the space 29824K,  99% used [0x00000007f5a00000, 0x00000007f76d6d50, 0x00000007f76d6e00, 0x00000007f7720000)
No shared spaces configured.

Deoptimization events (10 events):
Event: 0.603 Thread 0x00007f442400b800 Uncommon trap: reason=class_check action=maybe_recompile pc=0x00007f442062a2c8 method=com.typesafe.config.impl.Tokenizer$TokenIterator.nextCharRaw()I @ 14
Event: 0.862 Thread 0x00007f442400b800 Uncommon trap: reason=unstable_if action=reinterpret pc=0x00007f4420625bec method=java.lang.String.indexOf([CII[CIII)I @ 3
Event: 1.403 Thread 0x00007f4424686800 Uncommon trap: reason=null_check action=make_not_entrant pc=0x00007f4420632f98 method=java.lang.String.equals(Ljava/lang/Object;)Z @ 8
Event: 1.612 Thread 0x00007f4424686800 Uncommon trap: reason=unreached action=reinterpret pc=0x00007f44206507f4 method=org.apache.xerces.util.XML11Char.<clinit>()V @ 497
Event: 1.620 Thread 0x00007f4424686800 Uncommon trap: reason=unreached action=reinterpret pc=0x00007f4420650008 method=org.apache.xerces.util.XML11Char.<clinit>()V @ 655
Event: 1.634 Thread 0x00007f4424686800 Uncommon trap: reason=unstable_if action=reinterpret pc=0x00007f44206603ec method=org.apache.xerces.util.XMLChar.<clinit>()V @ 4355
Event: 1.649 Thread 0x00007f4424686800 Uncommon trap: reason=unstable_if action=reinterpret pc=0x00007f4420660d84 method=org.apache.xerces.util.XMLChar.<clinit>()V @ 4519
Event: 2.067 Thread 0x00007f442400b800 Uncommon trap: reason=unstable_if action=reinterpret pc=0x00007f4420637b24 method=java.lang.AbstractStringBuilder.append(Ljava/lang/String;)Ljava/lang/AbstractStringBuilder; @ 1
Event: 2.197 Thread 0x00007f4424686800 Uncommon trap: reason=unstable_if action=reinterpret pc=0x00007f4420653154 method=java.util.Properties$LineReader.readLine()I @ 369
Event: 2.239 Thread 0x00007f442400b800 Uncommon trap: reason=unstable_if action=reinterpret pc=0x00007f442062c038 method=java.lang.CharacterData.of(I)Ljava/lang/CharacterData; @ 4

Internal exceptions (10 events):
Event: 9.695 Thread 0x00007f43fc007800 Threw 0x00000006f5ed9ca0 at /build/openjdk-7-2FOwCu/openjdk-7-7u95-2.6.4/build/openjdk/hotspot/src/share/vm/prims/jvm.cpp:1322
Event: 9.697 Thread 0x00007f43fc007800 Threw 0x00000006f5ee1b48 at /build/openjdk-7-2FOwCu/openjdk-7-7u95-2.6.4/build/openjdk/hotspot/src/share/vm/prims/jvm.cpp:1322
Event: 9.698 Thread 0x00007f43e8094800 Threw 0x00000006f5e7d100 at /build/openjdk-7-2FOwCu/openjdk-7-7u95-2.6.4/build/openjdk/hotspot/src/share/vm/prims/jvm.cpp:1322
Event: 9.701 Thread 0x00007f440c05f000 Threw 0x00000006f5de0568 at /build/openjdk-7-2FOwCu/openjdk-7-7u95-2.6.4/build/openjdk/hotspot/src/share/vm/prims/jvm.cpp:1322
Event: 9.702 Thread 0x00007f440c05f000 Threw 0x00000006f5de8200 at /build/openjdk-7-2FOwCu/openjdk-7-7u95-2.6.4/build/openjdk/hotspot/src/share/vm/prims/jvm.cpp:1322
Event: 9.703 Thread 0x00007f440c05f000 Threw 0x00000006f5def648 at /build/openjdk-7-2FOwCu/openjdk-7-7u95-2.6.4/build/openjdk/hotspot/src/share/vm/prims/jvm.cpp:1322
Event: 9.704 Thread 0x00007f440c05f000 Threw 0x00000006f5df2928 at /build/openjdk-7-2FOwCu/openjdk-7-7u95-2.6.4/build/openjdk/hotspot/src/share/vm/prims/jvm.cpp:1322
Event: 9.707 Thread 0x00007f440c05f000 Threw 0x00000006f5f11e58 at /build/openjdk-7-2FOwCu/openjdk-7-7u95-2.6.4/build/openjdk/hotspot/src/share/vm/prims/jvm.cpp:1322
Event: 9.708 Thread 0x00007f43fc005800 Threw 0x00000006f5dc3f90 at /build/openjdk-7-2FOwCu/openjdk-7-7u95-2.6.4/build/openjdk/hotspot/src/share/vm/prims/jvm.cpp:1322
Event: 9.709 Thread 0x00007f43e8091800 Threw 0x00000006f5e682b8 at /build/openjdk-7-2FOwCu/openjdk-7-7u95-2.6.4/build/openjdk/hotspot/src/share/vm/prims/jvm.cpp:1322

Events (10 events):
Event: 9.707 loading class 0x00007f4414006c60 done
Event: 9.707 loading class 0x00007f4408001870
Event: 9.707 loading class 0x00007f4408001870 done
Event: 9.709 loading class 0x00007f4408003860
Event: 9.709 loading class 0x00007f4408003860 done
Event: 9.711 Executing VM operation: GenCollectForAllocation
Event: 9.713 Executing VM operation: GenCollectForAllocation done
Event: 9.714 Executing VM operation: GenCollectForAllocation
Event: 9.724 Executing VM operation: GenCollectForAllocation done
Event: 9.727 Executing VM operation: GenCollectForAllocation


Dynamic libraries:
00400000-00401000 r-xp 00000000 08:01 263417                             /usr/lib/jvm/java-7-openjdk-amd64/jre/bin/java
00600000-00601000 r--p 00000000 08:01 263417                             /usr/lib/jvm/java-7-openjdk-amd64/jre/bin/java
00601000-00602000 rw-p 00001000 08:01 263417                             /usr/lib/jvm/java-7-openjdk-amd64/jre/bin/java
00a63000-00a84000 rw-p 00000000 00:00 0                                  [heap]
6f5a00000-6f6900000 rw-p 00000000 00:00 0 
6f6900000-74af50000 rw-p 00000000 00:00 0 
74af50000-75033f000 rw-p 00000000 00:00 0 
753395000-7f5a00000 rw-p 00000000 00:00 0 
7f5a00000-7f7720000 rw-p 00000000 00:00 0 
7f7720000-800000000 rw-p 00000000 00:00 0 
7f43dd183000-7f43e0000000 r--s 00000000 00:1a 23286                      /opt/geotrellis-site/srv/data/hillshade/hills.arg
7f43e0000000-7f43e0021000 rw-p 00000000 00:00 0 
7f43e0021000-7f43e4000000 ---p 00000000 00:00 0 
7f43e693c000-7f43e693f000 ---p 00000000 00:00 0 
7f43e693f000-7f43e6a3d000 rw-p 00000000 00:00 0                          [stack:11341]
7f43e6a3d000-7f43e6a40000 ---p 00000000 00:00 0 
7f43e6a40000-7f43e6b3e000 rw-p 00000000 00:00 0                          [stack:11340]
7f43e6b3e000-7f43e6b41000 ---p 00000000 00:00 0 
7f43e6b41000-7f43e6c3f000 rw-p 00000000 00:00 0                          [stack:11339]
7f43e6c3f000-7f43e6c42000 ---p 00000000 00:00 0 
7f43e6c42000-7f43e6d40000 rw-p 00000000 00:00 0                          [stack:11338]
7f43e6d40000-7f43e6d43000 ---p 00000000 00:00 0 
7f43e6d43000-7f43e6e41000 rw-p 00000000 00:00 0                          [stack:11337]
7f43e6e41000-7f43e6e44000 ---p 00000000 00:00 0 
7f43e6e44000-7f43e6f42000 rw-p 00000000 00:00 0                          [stack:11336]
7f43e6f42000-7f43e6f45000 ---p 00000000 00:00 0 
7f43e6f45000-7f43e7043000 rw-p 00000000 00:00 0                          [stack:11335]
7f43e7043000-7f43e7046000 ---p 00000000 00:00 0 
7f43e7046000-7f43e7144000 rw-p 00000000 00:00 0                          [stack:11334]
7f43e7144000-7f43e7147000 ---p 00000000 00:00 0 
7f43e7147000-7f43e7245000 rw-p 00000000 00:00 0                          [stack:11333]
7f43e7245000-7f43e7248000 ---p 00000000 00:00 0 
7f43e7248000-7f43e7346000 rw-p 00000000 00:00 0                          [stack:11332]
7f43e7346000-7f43e7349000 ---p 00000000 00:00 0 
7f43e7349000-7f43e7447000 rw-p 00000000 00:00 0                          [stack:11331]
7f43e7447000-7f43e744a000 ---p 00000000 00:00 0 
7f43e744a000-7f43e7548000 rw-p 00000000 00:00 0                          [stack:11330]
7f43e7548000-7f43e754b000 ---p 00000000 00:00 0 
7f43e754b000-7f43e7649000 rw-p 00000000 00:00 0                          [stack:11329]
7f43e7649000-7f43e76c1000 r-xp 00000000 08:01 262181                     /usr/lib/x86_64-linux-gnu/nss/libfreebl3.so
7f43e76c1000-7f43e78c1000 ---p 00078000 08:01 262181                     /usr/lib/x86_64-linux-gnu/nss/libfreebl3.so
7f43e78c1000-7f43e78c3000 r--p 00078000 08:01 262181                     /usr/lib/x86_64-linux-gnu/nss/libfreebl3.so
7f43e78c3000-7f43e78c4000 rw-p 0007a000 08:01 262181                     /usr/lib/x86_64-linux-gnu/nss/libfreebl3.so
7f43e78c4000-7f43e78c8000 rw-p 00000000 00:00 0 
7f43e78c8000-7f43e797c000 r-xp 00000000 08:01 23688                      /usr/lib/x86_64-linux-gnu/libsqlite3.so.0.8.6
7f43e797c000-7f43e7b7c000 ---p 000b4000 08:01 23688                      /usr/lib/x86_64-linux-gnu/libsqlite3.so.0.8.6
7f43e7b7c000-7f43e7b7e000 r--p 000b4000 08:01 23688                      /usr/lib/x86_64-linux-gnu/libsqlite3.so.0.8.6
7f43e7b7e000-7f43e7b80000 rw-p 000b6000 08:01 23688                      /usr/lib/x86_64-linux-gnu/libsqlite3.so.0.8.6
7f43e7b80000-7f43e7b81000 rw-p 00000000 00:00 0 
7f43e7b81000-7f43e7bc1000 r-xp 00000000 08:01 262179                     /usr/lib/x86_64-linux-gnu/nss/libsoftokn3.so
7f43e7bc1000-7f43e7dc1000 ---p 00040000 08:01 262179                     /usr/lib/x86_64-linux-gnu/nss/libsoftokn3.so
7f43e7dc1000-7f43e7dc2000 r--p 00040000 08:01 262179                     /usr/lib/x86_64-linux-gnu/nss/libsoftokn3.so
7f43e7dc2000-7f43e7dc3000 rw-p 00041000 08:01 262179                     /usr/lib/x86_64-linux-gnu/nss/libsoftokn3.so
7f43e7dc3000-7f43e7dfc000 r-xp 00000000 08:01 61439                      /usr/lib/x86_64-linux-gnu/libnspr4.so
7f43e7dfc000-7f43e7ffb000 ---p 00039000 08:01 61439                      /usr/lib/x86_64-linux-gnu/libnspr4.so
7f43e7ffb000-7f43e7ffc000 r--p 00038000 08:01 61439                      /usr/lib/x86_64-linux-gnu/libnspr4.so
7f43e7ffc000-7f43e7ffd000 rw-p 00039000 08:01 61439                      /usr/lib/x86_64-linux-gnu/libnspr4.so
7f43e7ffd000-7f43e8000000 rw-p 00000000 00:00 0 
7f43e8000000-7f43e80a5000 rw-p 00000000 00:00 0 
7f43e80a5000-7f43ec000000 ---p 00000000 00:00 0 
7f43ec000000-7f43ec11a000 rw-p 00000000 00:00 0 
7f43ec11a000-7f43f0000000 ---p 00000000 00:00 0 
7f43f0000000-7f43f0062000 rw-p 00000000 00:00 0 
7f43f0062000-7f43f4000000 ---p 00000000 00:00 0 
7f43f4000000-7f43f41a4000 rw-p 00000000 00:00 0 
7f43f41a4000-7f43f8000000 ---p 00000000 00:00 0 
7f43f8000000-7f43f8021000 rw-p 00000000 00:00 0 
7f43f8021000-7f43fc000000 ---p 00000000 00:00 0 
7f43fc000000-7f43fc021000 rw-p 00000000 00:00 0 
7f43fc021000-7f4400000000 ---p 00000000 00:00 0 
7f4400000000-7f4400394000 rw-p 00000000 00:00 0 
7f4400394000-7f4404000000 ---p 00000000 00:00 0 
7f4404000000-7f4404021000 rw-p 00000000 00:00 0 
7f4404021000-7f4408000000 ---p 00000000 00:00 0 
7f4408000000-7f4408021000 rw-p 00000000 00:00 0 
7f4408021000-7f440c000000 ---p 00000000 00:00 0 
7f440c000000-7f440c809000 rw-p 00000000 00:00 0 
7f440c809000-7f4410000000 ---p 00000000 00:00 0 
7f4410000000-7f4410021000 rw-p 00000000 00:00 0 
7f4410021000-7f4414000000 ---p 00000000 00:00 0 
7f4414000000-7f4414021000 rw-p 00000000 00:00 0 
7f4414021000-7f4418000000 ---p 00000000 00:00 0 
7f4418000000-7f4418116000 rw-p 00000000 00:00 0 
7f4418116000-7f441c000000 ---p 00000000 00:00 0 
7f441c06d000-7f441c070000 ---p 00000000 00:00 0 
7f441c070000-7f441c16e000 rw-p 00000000 00:00 0                          [stack:11328]
7f441c16e000-7f441c179000 r--s 00203000 08:01 265355                     /usr/lib/jvm/java-7-openjdk-amd64/jre/lib/charsets.jar
7f441c179000-7f441c17c000 r-xp 00000000 08:01 61438                      /usr/lib/x86_64-linux-gnu/libplds4.so
7f441c17c000-7f441c37b000 ---p 00003000 08:01 61438                      /usr/lib/x86_64-linux-gnu/libplds4.so
7f441c37b000-7f441c37c000 r--p 00002000 08:01 61438                      /usr/lib/x86_64-linux-gnu/libplds4.so
7f441c37c000-7f441c37d000 rw-p 00003000 08:01 61438                      /usr/lib/x86_64-linux-gnu/libplds4.so
7f441c37d000-7f441c381000 r-xp 00000000 08:01 61440                      /usr/lib/x86_64-linux-gnu/libplc4.so
7f441c381000-7f441c580000 ---p 00004000 08:01 61440                      /usr/lib/x86_64-linux-gnu/libplc4.so
7f441c580000-7f441c581000 r--p 00003000 08:01 61440                      /usr/lib/x86_64-linux-gnu/libplc4.so
7f441c581000-7f441c582000 rw-p 00004000 08:01 61440                      /usr/lib/x86_64-linux-gnu/libplc4.so
7f441c582000-7f441c5a7000 r-xp 00000000 08:01 61454                      /usr/lib/x86_64-linux-gnu/libnssutil3.so
7f441c5a7000-7f441c7a7000 ---p 00025000 08:01 61454                      /usr/lib/x86_64-linux-gnu/libnssutil3.so
7f441c7a7000-7f441c7ad000 r--p 00025000 08:01 61454                      /usr/lib/x86_64-linux-gnu/libnssutil3.so
7f441c7ad000-7f441c7ae000 rw-p 0002b000 08:01 61454                      /usr/lib/x86_64-linux-gnu/libnssutil3.so
7f441c7ae000-7f441c8e1000 r-xp 00000000 08:01 61455                      /usr/lib/x86_64-linux-gnu/libnss3.so
7f441c8e1000-7f441cae0000 ---p 00133000 08:01 61455                      /usr/lib/x86_64-linux-gnu/libnss3.so
7f441cae0000-7f441cae5000 r--p 00132000 08:01 61455                      /usr/lib/x86_64-linux-gnu/libnss3.so
7f441cae5000-7f441cae7000 rw-p 00137000 08:01 61455                      /usr/lib/x86_64-linux-gnu/libnss3.so
7f441cae7000-7f441cae8000 rw-p 00000000 00:00 0 
7f441caf1000-7f441cb01000 r-xp 00000000 08:01 265394                     /usr/lib/jvm/java-7-openjdk-amd64/jre/lib/amd64/libj2pkcs11.so
7f441cb01000-7f441cd00000 ---p 00010000 08:01 265394                     /usr/lib/jvm/java-7-openjdk-amd64/jre/lib/amd64/libj2pkcs11.so
7f441cd00000-7f441cd01000 r--p 0000f000 08:01 265394                     /usr/lib/jvm/java-7-openjdk-amd64/jre/lib/amd64/libj2pkcs11.so
7f441cd01000-7f441cd02000 rw-p 00010000 08:01 265394                     /usr/lib/jvm/java-7-openjdk-amd64/jre/lib/amd64/libj2pkcs11.so
7f441cd02000-7f441cd05000 ---p 00000000 00:00 0 
7f441cd05000-7f441ce03000 rw-p 00000000 00:00 0                          [stack:11327]
7f441ce03000-7f441ce06000 ---p 00000000 00:00 0 
7f441ce06000-7f441cf04000 rw-p 00000000 00:00 0                          [stack:11326]
7f441cf04000-7f441cf07000 ---p 00000000 00:00 0 
7f441cf07000-7f441d005000 rw-p 00000000 00:00 0                          [stack:11325]
7f441d005000-7f441d008000 ---p 00000000 00:00 0 
7f441d008000-7f441d106000 rw-p 00000000 00:00 0                          [stack:11324]
7f441d106000-7f441d109000 ---p 00000000 00:00 0 
7f441d109000-7f441d238000 rw-p 00000000 00:00 0                          [stack:11323]
7f441d238000-7f441d275000 r-xp 00000000 08:01 1909                       /lib/x86_64-linux-gnu/libpcre.so.3.13.1
7f441d275000-7f441d474000 ---p 0003d000 08:01 1909                       /lib/x86_64-linux-gnu/libpcre.so.3.13.1
7f441d474000-7f441d475000 r--p 0003c000 08:01 1909                       /lib/x86_64-linux-gnu/libpcre.so.3.13.1
7f441d475000-7f441d476000 rw-p 0003d000 08:01 1909                       /lib/x86_64-linux-gnu/libpcre.so.3.13.1
7f441d476000-7f441d47d000 r-xp 00000000 08:01 23698                      /usr/lib/x86_64-linux-gnu/libffi.so.6.0.1
7f441d47d000-7f441d67c000 ---p 00007000 08:01 23698                      /usr/lib/x86_64-linux-gnu/libffi.so.6.0.1
7f441d67c000-7f441d67d000 r--p 00006000 08:01 23698                      /usr/lib/x86_64-linux-gnu/libffi.so.6.0.1
7f441d67d000-7f441d67e000 rw-p 00007000 08:01 23698                      /usr/lib/x86_64-linux-gnu/libffi.so.6.0.1
7f441d67e000-7f441d695000 r-xp 00000000 08:01 1969                       /lib/x86_64-linux-gnu/libresolv-2.19.so
7f441d695000-7f441d895000 ---p 00017000 08:01 1969                       /lib/x86_64-linux-gnu/libresolv-2.19.so
7f441d895000-7f441d896000 r--p 00017000 08:01 1969                       /lib/x86_64-linux-gnu/libresolv-2.19.so
7f441d896000-7f441d897000 rw-p 00018000 08:01 1969                       /lib/x86_64-linux-gnu/libresolv-2.19.so
7f441d897000-7f441d899000 rw-p 00000000 00:00 0 
7f441d899000-7f441d8b9000 r-xp 00000000 08:01 1974                       /lib/x86_64-linux-gnu/libselinux.so.1
7f441d8b9000-7f441dab8000 ---p 00020000 08:01 1974                       /lib/x86_64-linux-gnu/libselinux.so.1
7f441dab8000-7f441dab9000 r--p 0001f000 08:01 1974                       /lib/x86_64-linux-gnu/libselinux.so.1
7f441dab9000-7f441daba000 rw-p 00020000 08:01 1974                       /lib/x86_64-linux-gnu/libselinux.so.1
7f441daba000-7f441dabc000 rw-p 00000000 00:00 0 
7f441dabc000-7f441dabf000 r-xp 00000000 08:01 23740                      /usr/lib/x86_64-linux-gnu/libgmodule-2.0.so.0.4002.0
7f441dabf000-7f441dcbe000 ---p 00003000 08:01 23740                      /usr/lib/x86_64-linux-gnu/libgmodule-2.0.so.0.4002.0
7f441dcbe000-7f441dcbf000 r--p 00002000 08:01 23740                      /usr/lib/x86_64-linux-gnu/libgmodule-2.0.so.0.4002.0
7f441dcbf000-7f441dcc0000 rw-p 00003000 08:01 23740                      /usr/lib/x86_64-linux-gnu/libgmodule-2.0.so.0.4002.0
7f441dcc0000-7f441ddc6000 r-xp 00000000 08:01 1937                       /lib/x86_64-linux-gnu/libglib-2.0.so.0.4002.0
7f441ddc6000-7f441dfc5000 ---p 00106000 08:01 1937                       /lib/x86_64-linux-gnu/libglib-2.0.so.0.4002.0
7f441dfc5000-7f441dfc6000 r--p 00105000 08:01 1937                       /lib/x86_64-linux-gnu/libglib-2.0.so.0.4002.0
7f441dfc6000-7f441dfc7000 rw-p 00106000 08:01 1937                       /lib/x86_64-linux-gnu/libglib-2.0.so.0.4002.0
7f441dfc7000-7f441dfc8000 rw-p 00000000 00:00 0 
7f441dfc8000-7f441e017000 r-xp 00000000 08:01 23267                      /usr/lib/x86_64-linux-gnu/libgobject-2.0.so.0.4002.0
7f441e017000-7f441e217000 ---p 0004f000 08:01 23267                      /usr/lib/x86_64-linux-gnu/libgobject-2.0.so.0.4002.0
7f441e217000-7f441e218000 r--p 0004f000 08:01 23267                      /usr/lib/x86_64-linux-gnu/libgobject-2.0.so.0.4002.0
7f441e218000-7f441e219000 rw-p 00050000 08:01 23267                      /usr/lib/x86_64-linux-gnu/libgobject-2.0.so.0.4002.0
7f441e219000-7f441e385000 r-xp 00000000 08:01 23649                      /usr/lib/x86_64-linux-gnu/libgio-2.0.so.0.4002.0
7f441e385000-7f441e584000 ---p 0016c000 08:01 23649                      /usr/lib/x86_64-linux-gnu/libgio-2.0.so.0.4002.0
7f441e584000-7f441e588000 r--p 0016b000 08:01 23649                      /usr/lib/x86_64-linux-gnu/libgio-2.0.so.0.4002.0
7f441e588000-7f441e58a000 rw-p 0016f000 08:01 23649                      /usr/lib/x86_64-linux-gnu/libgio-2.0.so.0.4002.0
7f441e58a000-7f441e58c000 rw-p 00000000 00:00 0 
7f441e58e000-7f441e58f000 rw-p 00000000 00:00 0 
7f441e58f000-7f441e591000 r--s 00018000 08:01 265415                     /usr/lib/jvm/java-7-openjdk-amd64/jre/lib/jce.jar
7f441e591000-7f441e595000 r--s 0004f000 08:01 265356                     /usr/lib/jvm/java-7-openjdk-amd64/jre/lib/jsse.jar
7f441e595000-7f441e5ac000 r-xp 00000000 08:01 265411                     /usr/lib/jvm/java-7-openjdk-amd64/jre/lib/amd64/libnet.so
7f441e5ac000-7f441e7ab000 ---p 00017000 08:01 265411                     /usr/lib/jvm/java-7-openjdk-amd64/jre/lib/amd64/libnet.so
7f441e7ab000-7f441e7ac000 r--p 00016000 08:01 265411                     /usr/lib/jvm/java-7-openjdk-amd64/jre/lib/amd64/libnet.so
7f441e7ac000-7f441e7ad000 rw-p 00017000 08:01 265411                     /usr/lib/jvm/java-7-openjdk-amd64/jre/lib/amd64/libnet.so
7f441e7ad000-7f441e7bd000 r-xp 00000000 08:01 265391                     /usr/lib/jvm/java-7-openjdk-amd64/jre/lib/amd64/libnio.so
7f441e7bd000-7f441e9bd000 ---p 00010000 08:01 265391                     /usr/lib/jvm/java-7-openjdk-amd64/jre/lib/amd64/libnio.so
7f441e9bd000-7f441e9be000 r--p 00010000 08:01 265391                     /usr/lib/jvm/java-7-openjdk-amd64/jre/lib/amd64/libnio.so
7f441e9be000-7f441e9bf000 rw-p 00011000 08:01 265391                     /usr/lib/jvm/java-7-openjdk-amd64/jre/lib/amd64/libnio.so
7f441e9bf000-7f441e9c1000 r--s 00005000 08:01 394547                     /home/vagrant/.ivy2/cache/org.slf4j/slf4j-api/jars/slf4j-api-1.7.5.jar
7f441e9c1000-7f441e9cb000 r--s 0005d000 08:01 394544                     /home/vagrant/.ivy2/cache/ch.qos.logback/logback-core/jars/logback-core-1.0.13.jar
7f441e9cb000-7f441e9d1000 r--s 0003b000 08:01 394541                     /home/vagrant/.ivy2/cache/ch.qos.logback/logback-classic/jars/logback-classic-1.0.13.jar
7f441e9d1000-7f441e9d3000 r--s 00002000 08:01 394539                     /home/vagrant/.ivy2/cache/com.typesafe.akka/akka-slf4j_2.10/bundles/akka-slf4j_2.10-2.1.4.jar
7f441e9d3000-7f441e9d5000 r--s 00005000 08:01 394400                     /home/vagrant/.ivy2/cache/com.azavea.geotrellis/geotrellis-services_2.10/jars/geotrellis-services_2.10-0.9.0-RC4.jar
7f441e9d5000-7f441e9f3000 r--s 00180000 08:01 394515                     /home/vagrant/.ivy2/cache/org.apache.commons/commons-math3/jars/commons-math3-3.2.jar
7f441e9f3000-7f441e9f4000 r--s 0000a000 08:01 394511                     /home/vagrant/.ivy2/cache/io.spray/spray-client/bundles/spray-client-1.2.0.jar
7f441e9f4000-7f441ea44000 r--s 00660000 08:01 394481                     /home/vagrant/.ivy2/cache/org.spire-math/spire_2.10/jars/spire_2.10-0.4.0.jar
7f441ea44000-7f441ea4f000 r--s 0007a000 08:01 394479                     /home/vagrant/.ivy2/cache/org.codehaus.jackson/jackson-mapper-asl/jars/jackson-mapper-asl-1.6.1.jar
7f441ea4f000-7f441ea53000 r--s 0002e000 08:01 394477                     /home/vagrant/.ivy2/cache/org.codehaus.jackson/jackson-core-asl/jars/jackson-core-asl-1.6.1.jar
7f441ea53000-7f441ea54000 r--s 00004000 08:01 394535                     /home/vagrant/.ivy2/cache/net.sandrogrzicic/scalabuff-runtime_2.10/jars/scalabuff-runtime_2.10-1.2.0.jar
7f441ea54000-7f441ea63000 r--s 000dc000 08:01 394473                     /home/vagrant/.ivy2/cache/com.typesafe.akka/akka-cluster_2.10/bundles/akka-cluster_2.10-2.2.3.jar
7f441ea63000-7f441ea65000 r--s 0000a000 08:01 394533                     /home/vagrant/.ivy2/cache/org.uncommons.maths/uncommons-maths/jars/uncommons-maths-1.2.2a.jar
7f441ea65000-7f441ea6b000 r--s 00068000 08:01 394531                     /home/vagrant/.ivy2/cache/com.google.protobuf/protobuf-java/jars/protobuf-java-2.4.1.jar
7f441ea6b000-7f441ea83000 r--s 0010f000 08:01 394525                     /home/vagrant/.ivy2/cache/io.netty/netty/bundles/netty-3.6.6.Final.jar
7f441ea83000-7f441ea97000 r--s 00124000 08:01 394462                     /home/vagrant/.ivy2/cache/com.typesafe.akka/akka-remote_2.10/bundles/akka-remote_2.10-2.2.3.jar
7f441ea97000-7f441ea98000 r--s 00003000 08:01 394460                     /home/vagrant/.ivy2/cache/com.typesafe.akka/akka-kernel_2.10/jars/akka-kernel_2.10-2.2.3.jar
7f441ea98000-7f441eaaa000 r--s 000c9000 08:01 394518                     /home/vagrant/.ivy2/cache/xerces/xercesImpl/jars/xercesImpl-2.4.0.jar
7f441eaaa000-7f441eabb000 r--s 000ac000 08:01 394453                     /home/vagrant/.ivy2/cache/com.vividsolutions/jts/jars/jts-1.12.jar
7f441eabb000-7f441eaf0000 r--s 002d2000 08:01 394026                     /home/vagrant/.ivy2/cache/org.scala-lang/scala-reflect/jars/scala-reflect-2.10.2.jar
7f441eaf0000-7f441eaf1000 r--s 00000000 08:01 394451                     /home/vagrant/.ivy2/cache/com.azavea.geotrellis/geotrellis-macros_2.10/jars/geotrellis-macros_2.10-0.9.0-RC4.jar
7f441eaf1000-7f441eb28000 r--s 002c1000 08:01 394389                     /home/vagrant/.ivy2/cache/com.azavea.geotrellis/geotrellis_2.10/jars/geotrellis_2.10-0.9.0-RC4.jar
7f441eb28000-7f441eb48000 r--s 00119000 08:01 394440                     /home/vagrant/.ivy2/cache/com.chuusai/shapeless_2.10/jars/shapeless_2.10-1.2.4.jar
7f441eb48000-7f441eb5c000 r--s 000e7000 08:01 394385                     /home/vagrant/.ivy2/cache/io.spray/spray-routing/bundles/spray-routing-1.2.0.jar
7f441eb5c000-7f441eb75000 r--s 00121000 08:01 394414                     /home/vagrant/.ivy2/cache/io.spray/spray-http/bundles/spray-http-1.2.0.jar
7f441eb75000-7f441eb9d000 r--s 00264000 08:01 394349                     /home/vagrant/.ivy2/cache/com.typesafe.akka/akka-actor_2.10/jars/akka-actor_2.10-2.2.3.jar
7f441eb9d000-7f441ec0f000 r--s 0065a000 08:01 394035                     /home/vagrant/.ivy2/cache/org.scala-lang/scala-library/jars/scala-library-2.10.4.jar
7f441ec0f000-7f441ec10000 ---p 00000000 00:00 0 
7f441ec10000-7f441ed10000 rw-p 00000000 00:00 0                          [stack:11322]
7f441ed10000-7f441ed13000 ---p 00000000 00:00 0 
7f441ed13000-7f441ee11000 rw-p 00000000 00:00 0                          [stack:11321]
7f441ee11000-7f441ee14000 ---p 00000000 00:00 0 
7f441ee14000-7f441ef12000 rw-p 00000000 00:00 0                          [stack:11320]
7f441ef12000-7f441ef15000 ---p 00000000 00:00 0 
7f441ef15000-7f441f013000 rw-p 00000000 00:00 0                          [stack:11319]
7f441f013000-7f441f016000 ---p 00000000 00:00 0 
7f441f016000-7f441f114000 rw-p 00000000 00:00 0                          [stack:11318]
7f441f114000-7f441f29d000 r--p 00000000 08:01 24405                      /usr/lib/locale/locale-archive
7f441f29d000-7f441f2a0000 ---p 00000000 00:00 0 
7f441f2a0000-7f441f39e000 rw-p 00000000 00:00 0                          [stack:11317]
7f441f39e000-7f441f3a1000 ---p 00000000 00:00 0 
7f441f3a1000-7f441f49f000 rw-p 00000000 00:00 0                          [stack:11316]
7f441f49f000-7f441f4a0000 ---p 00000000 00:00 0 
7f441f4a0000-7f441f5e9000 rw-p 00000000 00:00 0                          [stack:11315]
7f441f5e9000-7f441f79b000 r--s 01d2f000 08:01 265375                     /usr/lib/jvm/java-7-openjdk-amd64/jre/lib/rt.jar
7f441f79b000-7f441f83b000 rw-p 00000000 00:00 0 
7f441f83b000-7f441fd67000 rw-p 00000000 00:00 0 
7f441fd67000-7f441fd6f000 rw-p 00000000 00:00 0 
7f441fd6f000-7f4420011000 rw-p 00000000 00:00 0 
7f4420011000-7f442003c000 rw-p 00000000 00:00 0 
7f442003c000-7f4420567000 rw-p 00000000 00:00 0 
7f4420567000-7f4420576000 rw-p 00000000 00:00 0 
7f4420576000-7f44205ba000 rw-p 00000000 00:00 0 
7f44205ba000-7f44205bb000 rw-p 00000000 00:00 0 
7f44205bb000-7f442082b000 rwxp 00000000 00:00 0 
7f442082b000-7f44235bb000 rw-p 00000000 00:00 0 
7f44235bb000-7f44235c3000 r-xp 00000000 08:01 265384                     /usr/lib/jvm/java-7-openjdk-amd64/jre/lib/amd64/libzip.so
7f44235c3000-7f44237c2000 ---p 00008000 08:01 265384                     /usr/lib/jvm/java-7-openjdk-amd64/jre/lib/amd64/libzip.so
7f44237c2000-7f44237c3000 r--p 00007000 08:01 265384                     /usr/lib/jvm/java-7-openjdk-amd64/jre/lib/amd64/libzip.so
7f44237c3000-7f44237c4000 rw-p 00008000 08:01 265384                     /usr/lib/jvm/java-7-openjdk-amd64/jre/lib/amd64/libzip.so
7f44237c4000-7f44237cf000 r-xp 00000000 08:01 2027                       /lib/x86_64-linux-gnu/libnss_files-2.19.so
7f44237cf000-7f44239ce000 ---p 0000b000 08:01 2027                       /lib/x86_64-linux-gnu/libnss_files-2.19.so
7f44239ce000-7f44239cf000 r--p 0000a000 08:01 2027                       /lib/x86_64-linux-gnu/libnss_files-2.19.so
7f44239cf000-7f44239d0000 rw-p 0000b000 08:01 2027                       /lib/x86_64-linux-gnu/libnss_files-2.19.so
7f44239d0000-7f44239db000 r-xp 00000000 08:01 1936                       /lib/x86_64-linux-gnu/libnss_nis-2.19.so
7f44239db000-7f4423bda000 ---p 0000b000 08:01 1936                       /lib/x86_64-linux-gnu/libnss_nis-2.19.so
7f4423bda000-7f4423bdb000 r--p 0000a000 08:01 1936                       /lib/x86_64-linux-gnu/libnss_nis-2.19.so
7f4423bdb000-7f4423bdc000 rw-p 0000b000 08:01 1936                       /lib/x86_64-linux-gnu/libnss_nis-2.19.so
7f4423bdc000-7f4423bf3000 r-xp 00000000 08:01 2000                       /lib/x86_64-linux-gnu/libnsl-2.19.so
7f4423bf3000-7f4423df2000 ---p 00017000 08:01 2000                       /lib/x86_64-linux-gnu/libnsl-2.19.so
7f4423df2000-7f4423df3000 r--p 00016000 08:01 2000                       /lib/x86_64-linux-gnu/libnsl-2.19.so
7f4423df3000-7f4423df4000 rw-p 00017000 08:01 2000                       /lib/x86_64-linux-gnu/libnsl-2.19.so
7f4423df4000-7f4423df6000 rw-p 00000000 00:00 0 
7f4423df6000-7f4423dff000 r-xp 00000000 08:01 1963                       /lib/x86_64-linux-gnu/libnss_compat-2.19.so
7f4423dff000-7f4423ffe000 ---p 00009000 08:01 1963                       /lib/x86_64-linux-gnu/libnss_compat-2.19.so
7f4423ffe000-7f4423fff000 r--p 00008000 08:01 1963                       /lib/x86_64-linux-gnu/libnss_compat-2.19.so
7f4423fff000-7f4424000000 rw-p 00009000 08:01 1963                       /lib/x86_64-linux-gnu/libnss_compat-2.19.so
7f4424000000-7f44247b1000 rw-p 00000000 00:00 0 
7f44247b1000-7f4428000000 ---p 00000000 00:00 0 
7f4428000000-7f442800a000 r--s 00066000 08:01 394435                     /home/vagrant/.ivy2/cache/io.spray/spray-httpx/bundles/spray-httpx-1.2.0.jar
7f442800a000-7f442800e000 r--s 00019000 08:01 394431                     /home/vagrant/.ivy2/cache/com.googlecode.concurrentlinkedhashmap/concurrentlinkedhashmap-lru/jars/concurrentlinkedhashmap-lru-1.4.jar
7f442800e000-7f4428013000 r--s 00029000 08:01 394428                     /home/vagrant/.ivy2/cache/org.parboiled/parboiled-core/bundles/parboiled-core-1.1.6.jar
7f4428013000-7f4428018000 r--s 00036000 08:01 394424                     /home/vagrant/.ivy2/cache/org.parboiled/parboiled-scala_2.10/bundles/parboiled-scala_2.10-1.1.6.jar
7f4428018000-7f442801b000 r--s 0001d000 08:01 394421                     /home/vagrant/.ivy2/cache/io.spray/spray-util/bundles/spray-util-1.2.0.jar
7f442801b000-7f4428026000 r--s 000a3000 08:01 394374                     /home/vagrant/.ivy2/cache/io.spray/spray-can/bundles/spray-can-1.2.0.jar
7f4428026000-7f44280b8000 rw-p 00000000 00:00 0 
7f44280b8000-7f44280fd000 rw-p 00000000 00:00 0 
7f44280fd000-7f4428128000 r-xp 00000000 08:01 265407                     /usr/lib/jvm/java-7-openjdk-amd64/jre/lib/amd64/libjava.so
7f4428128000-7f4428328000 ---p 0002b000 08:01 265407                     /usr/lib/jvm/java-7-openjdk-amd64/jre/lib/amd64/libjava.so
7f4428328000-7f4428329000 r--p 0002b000 08:01 265407                     /usr/lib/jvm/java-7-openjdk-amd64/jre/lib/amd64/libjava.so
7f4428329000-7f442832b000 rw-p 0002c000 08:01 265407                     /usr/lib/jvm/java-7-openjdk-amd64/jre/lib/amd64/libjava.so
7f442832b000-7f442833b000 r-xp 00000000 08:01 265389                     /usr/lib/jvm/java-7-openjdk-amd64/jre/lib/amd64/libverify.so
7f442833b000-7f442853a000 ---p 00010000 08:01 265389                     /usr/lib/jvm/java-7-openjdk-amd64/jre/lib/amd64/libverify.so
7f442853a000-7f442853c000 r--p 0000f000 08:01 265389                     /usr/lib/jvm/java-7-openjdk-amd64/jre/lib/amd64/libverify.so
7f442853c000-7f442853d000 rw-p 00011000 08:01 265389                     /usr/lib/jvm/java-7-openjdk-amd64/jre/lib/amd64/libverify.so
7f442853d000-7f4428544000 r-xp 00000000 08:01 1968                       /lib/x86_64-linux-gnu/librt-2.19.so
7f4428544000-7f4428743000 ---p 00007000 08:01 1968                       /lib/x86_64-linux-gnu/librt-2.19.so
7f4428743000-7f4428744000 r--p 00006000 08:01 1968                       /lib/x86_64-linux-gnu/librt-2.19.so
7f4428744000-7f4428745000 rw-p 00007000 08:01 1968                       /lib/x86_64-linux-gnu/librt-2.19.so
7f4428745000-7f442875b000 r-xp 00000000 08:01 1901                       /lib/x86_64-linux-gnu/libgcc_s.so.1
7f442875b000-7f442895a000 ---p 00016000 08:01 1901                       /lib/x86_64-linux-gnu/libgcc_s.so.1
7f442895a000-7f442895b000 rw-p 00015000 08:01 1901                       /lib/x86_64-linux-gnu/libgcc_s.so.1
7f442895b000-7f4428a60000 r-xp 00000000 08:01 2023                       /lib/x86_64-linux-gnu/libm-2.19.so
7f4428a60000-7f4428c5f000 ---p 00105000 08:01 2023                       /lib/x86_64-linux-gnu/libm-2.19.so
7f4428c5f000-7f4428c60000 r--p 00104000 08:01 2023                       /lib/x86_64-linux-gnu/libm-2.19.so
7f4428c60000-7f4428c61000 rw-p 00105000 08:01 2023                       /lib/x86_64-linux-gnu/libm-2.19.so
7f4428c61000-7f4428d47000 r-xp 00000000 08:01 23699                      /usr/lib/x86_64-linux-gnu/libstdc++.so.6.0.19
7f4428d47000-7f4428f46000 ---p 000e6000 08:01 23699                      /usr/lib/x86_64-linux-gnu/libstdc++.so.6.0.19
7f4428f46000-7f4428f4e000 r--p 000e5000 08:01 23699                      /usr/lib/x86_64-linux-gnu/libstdc++.so.6.0.19
7f4428f4e000-7f4428f50000 rw-p 000ed000 08:01 23699                      /usr/lib/x86_64-linux-gnu/libstdc++.so.6.0.19
7f4428f50000-7f4428f65000 rw-p 00000000 00:00 0 
7f4428f65000-7f4429a8a000 r-xp 00000000 08:01 265385                     /usr/lib/jvm/java-7-openjdk-amd64/jre/lib/amd64/server/libjvm.so
7f4429a8a000-7f4429c8a000 ---p 00b25000 08:01 265385                     /usr/lib/jvm/java-7-openjdk-amd64/jre/lib/amd64/server/libjvm.so
7f4429c8a000-7f4429d24000 r--p 00b25000 08:01 265385                     /usr/lib/jvm/java-7-openjdk-amd64/jre/lib/amd64/server/libjvm.so
7f4429d24000-7f4429d47000 rw-p 00bbf000 08:01 265385                     /usr/lib/jvm/java-7-openjdk-amd64/jre/lib/amd64/server/libjvm.so
7f4429d47000-7f4429d75000 rw-p 00000000 00:00 0 
7f4429d75000-7f4429d8d000 r-xp 00000000 08:01 1888                       /lib/x86_64-linux-gnu/libz.so.1.2.8
7f4429d8d000-7f4429f8c000 ---p 00018000 08:01 1888                       /lib/x86_64-linux-gnu/libz.so.1.2.8
7f4429f8c000-7f4429f8d000 r--p 00017000 08:01 1888                       /lib/x86_64-linux-gnu/libz.so.1.2.8
7f4429f8d000-7f4429f8e000 rw-p 00018000 08:01 1888                       /lib/x86_64-linux-gnu/libz.so.1.2.8
7f4429f8e000-7f4429fa7000 r-xp 00000000 08:01 2018                       /lib/x86_64-linux-gnu/libpthread-2.19.so
7f4429fa7000-7f442a1a6000 ---p 00019000 08:01 2018                       /lib/x86_64-linux-gnu/libpthread-2.19.so
7f442a1a6000-7f442a1a7000 r--p 00018000 08:01 2018                       /lib/x86_64-linux-gnu/libpthread-2.19.so
7f442a1a7000-7f442a1a8000 rw-p 00019000 08:01 2018                       /lib/x86_64-linux-gnu/libpthread-2.19.so
7f442a1a8000-7f442a1ac000 rw-p 00000000 00:00 0 
7f442a1ac000-7f442a1af000 r-xp 00000000 08:01 1993                       /lib/x86_64-linux-gnu/libdl-2.19.so
7f442a1af000-7f442a3ae000 ---p 00003000 08:01 1993                       /lib/x86_64-linux-gnu/libdl-2.19.so
7f442a3ae000-7f442a3af000 r--p 00002000 08:01 1993                       /lib/x86_64-linux-gnu/libdl-2.19.so
7f442a3af000-7f442a3b0000 rw-p 00003000 08:01 1993                       /lib/x86_64-linux-gnu/libdl-2.19.so
7f442a3b0000-7f442a56b000 r-xp 00000000 08:01 1880                       /lib/x86_64-linux-gnu/libc-2.19.so
7f442a56b000-7f442a76b000 ---p 001bb000 08:01 1880                       /lib/x86_64-linux-gnu/libc-2.19.so
7f442a76b000-7f442a76f000 r--p 001bb000 08:01 1880                       /lib/x86_64-linux-gnu/libc-2.19.so
7f442a76f000-7f442a771000 rw-p 001bf000 08:01 1880                       /lib/x86_64-linux-gnu/libc-2.19.so
7f442a771000-7f442a776000 rw-p 00000000 00:00 0 
7f442a776000-7f442a783000 r-xp 00000000 08:01 265379                     /usr/lib/jvm/java-7-openjdk-amd64/jre/lib/amd64/jli/libjli.so
7f442a783000-7f442a982000 ---p 0000d000 08:01 265379                     /usr/lib/jvm/java-7-openjdk-amd64/jre/lib/amd64/jli/libjli.so
7f442a982000-7f442a983000 r--p 0000c000 08:01 265379                     /usr/lib/jvm/java-7-openjdk-amd64/jre/lib/amd64/jli/libjli.so
7f442a983000-7f442a984000 rw-p 0000d000 08:01 265379                     /usr/lib/jvm/java-7-openjdk-amd64/jre/lib/amd64/jli/libjli.so
7f442a984000-7f442a9a7000 r-xp 00000000 08:01 1892                       /lib/x86_64-linux-gnu/ld-2.19.so
7f442a9a7000-7f442a9a9000 r--s 0000e000 08:01 394449                     /home/vagrant/.ivy2/cache/org.jvnet.mimepull/mimepull/jars/mimepull-1.9.3.jar
7f442a9a9000-7f442a9ae000 r--s 0002b000 08:01 394411                     /home/vagrant/.ivy2/cache/io.spray/spray-io/bundles/spray-io-1.2.0.jar
7f442a9ae000-7f442a9b4000 r--s 00049000 08:01 394369                     /home/vagrant/.ivy2/cache/io.spray/spray-json_2.10/jars/spray-json_2.10-1.2.5.jar
7f442a9b4000-7f442a9b8000 r--s 0002a000 08:01 394407                     /home/vagrant/.ivy2/cache/com.typesafe/config/bundles/config-1.0.2.jar
7f442a9b8000-7f442a9bd000 r--s 00041000 08:01 394404                     /home/vagrant/.ivy2/cache/commons-lang/commons-lang/jars/commons-lang-2.6.jar
7f442a9bd000-7f442a9bf000 r--s 0000c000 08:01 394344                     /home/vagrant/.ivy2/cache/io.spray/twirl-api_2.10/jars/twirl-api_2.10-0.7.0.jar
7f442a9bf000-7f442a9c3000 r--s 00085000 08:01 265417                     /usr/lib/jvm/java-7-openjdk-amd64/jre/lib/ext/localedata.jar
7f442a9c3000-7f442a9c5000 r--s 00012000 08:01 265419                     /usr/lib/jvm/java-7-openjdk-amd64/jre/lib/ext/zipfs.jar
7f442a9c5000-7f442a9c9000 r--s 0003c000 08:01 265420                     /usr/lib/jvm/java-7-openjdk-amd64/jre/lib/ext/sunpkcs11.jar
7f442a9c9000-7f442a9cd000 r--s 00034000 08:01 265418                     /usr/lib/jvm/java-7-openjdk-amd64/jre/lib/ext/sunjce_provider.jar
7f442a9cd000-7f442a9d7000 rw-p 00000000 00:00 0 
7f442a9d7000-7f442aa8d000 rw-p 00000000 00:00 0 
7f442aa8d000-7f442aa95000 rw-s 00000000 08:01 394673                     /tmp/hsperfdata_vagrant/11310
7f442aa95000-7f442aa98000 ---p 00000000 00:00 0 
7f442aa98000-7f442ab9b000 rw-p 00000000 00:00 0                          [stack:11311]
7f442ab9b000-7f442ab9c000 r--s 00005000 08:01 394382                     /home/vagrant/.ivy2/cache/io.spray/spray-caching/bundles/spray-caching-1.2.0.jar
7f442ab9c000-7f442ab9e000 r--s 00006000 08:01 16513                      /usr/share/java/java-atk-wrapper.jar
7f442ab9e000-7f442ab9f000 r--s 00002000 08:01 265421                     /usr/lib/jvm/java-7-openjdk-amd64/jre/lib/ext/dnsns.jar
7f442ab9f000-7f442aba2000 r--s 0000f000 08:01 265422                     /usr/lib/jvm/java-7-openjdk-amd64/jre/lib/ext/icedtea-sound.jar
7f442aba2000-7f442aba3000 rw-p 00000000 00:00 0 
7f442aba3000-7f442aba4000 ---p 00000000 00:00 0 
7f442aba4000-7f442aba6000 rw-p 00000000 00:00 0 
7f442aba6000-7f442aba7000 r--p 00022000 08:01 1892                       /lib/x86_64-linux-gnu/ld-2.19.so
7f442aba7000-7f442aba8000 rw-p 00023000 08:01 1892                       /lib/x86_64-linux-gnu/ld-2.19.so
7f442aba8000-7f442aba9000 rw-p 00000000 00:00 0 
7fff50913000-7fff50935000 rw-p 00000000 00:00 0                          [stack]
7fff509fe000-7fff50a00000 r-xp 00000000 00:00 0                          [vdso]
ffffffffff600000-ffffffffff601000 r-xp 00000000 00:00 0                  [vsyscall]

VM Arguments:
jvm_args: -Xmx4G 
java_command: spray.site.Main
Launcher Type: SUN_STANDARD

Environment Variables:
PATH=/usr/local/sbin:/usr/local/bin:/usr/sbin:/usr/bin:/sbin:/bin:/usr/games:/usr/local/games
SHELL=/bin/bash

Signal Handlers:
SIGSEGV: [libjvm.so+0x955bc0], sa_mask[0]=0x7ffbfeff, sa_flags=0x10000004
SIGBUS: [libjvm.so+0x955bc0], sa_mask[0]=0x7ffbfeff, sa_flags=0x10000004
SIGFPE: [libjvm.so+0x7caff0], sa_mask[0]=0x7ffbfeff, sa_flags=0x10000004
SIGPIPE: SIG_IGN, sa_mask[0]=0x00000000, sa_flags=0x00000000
SIGXFSZ: [libjvm.so+0x7caff0], sa_mask[0]=0x7ffbfeff, sa_flags=0x10000004
SIGILL: [libjvm.so+0x7caff0], sa_mask[0]=0x7ffbfeff, sa_flags=0x10000004
SIGUSR1: SIG_DFL, sa_mask[0]=0x00000000, sa_flags=0x00000000
SIGUSR2: [libjvm.so+0x7cae90], sa_mask[0]=0x00000004, sa_flags=0x10000004
SIGHUP: [libjvm.so+0x7cb070], sa_mask[0]=0x7ffbfeff, sa_flags=0x10000004
SIGINT: [libjvm.so+0x7cb070], sa_mask[0]=0x7ffbfeff, sa_flags=0x10000004
SIGTERM: [libjvm.so+0x7cb070], sa_mask[0]=0x7ffbfeff, sa_flags=0x10000004
SIGQUIT: [libjvm.so+0x7cb070], sa_mask[0]=0x7ffbfeff, sa_flags=0x10000004
SIGTRAP: SIG_DFL, sa_mask[0]=0x00000000, sa_flags=0x00000000


---------------  S Y S T E M  ---------------

OS:Ubuntu 14.04 (trusty)
uname:Linux 3.13.0-39-generic #66-Ubuntu SMP Tue Oct 28 13:30:27 UTC 2014 x86_64
libc:glibc 2.19 NPTL 2.19 
rlimit: STACK 8192k, CORE 0k, NPROC 7873, NOFILE 4096, AS infinity
load average:0.73 0.30 0.23

/proc/meminfo:
MemTotal:        1017728 kB
MemFree:           65832 kB
Buffers:             216 kB
Cached:             5624 kB
SwapCached:            0 kB
Active:           843944 kB
Inactive:           5368 kB
Active(anon):     843736 kB
Inactive(anon):     1512 kB
Active(file):        208 kB
Inactive(file):     3856 kB
Unevictable:           0 kB
Mlocked:               0 kB
SwapTotal:             0 kB
SwapFree:              0 kB
Dirty:                 0 kB
Writeback:             0 kB
AnonPages:        843600 kB
Mapped:            49032 kB
Shmem:              1616 kB
Slab:              24704 kB
SReclaimable:      13044 kB
SUnreclaim:        11660 kB
KernelStack:        1272 kB
PageTables:         7192 kB
NFS_Unstable:          0 kB
Bounce:                0 kB
WritebackTmp:          0 kB
CommitLimit:      508864 kB
Committed_AS:    1102480 kB
VmallocTotal:   34359738367 kB
VmallocUsed:       18664 kB
VmallocChunk:   34359701159 kB
HardwareCorrupted:     0 kB
AnonHugePages:    466944 kB
HugePages_Total:       0
HugePages_Free:        0
HugePages_Rsvd:        0
HugePages_Surp:        0
Hugepagesize:       2048 kB
DirectMap4k:       38848 kB
DirectMap2M:     1009664 kB


CPU:total 2 (2 cores per cpu, 1 threads per core) family 6 model 70 stepping 1, cmov, cx8, fxsr, mmx, sse, sse2, sse3, ssse3, tsc

/proc/cpuinfo:
processor	: 0
vendor_id	: GenuineIntel
cpu family	: 6
model		: 70
model name	: Intel(R) Core(TM) i7-4850HQ CPU @ 2.30GHz
stepping	: 1
microcode	: 0x19
cpu MHz		: 2301.306
cache size	: 6144 KB
physical id	: 0
siblings	: 2
core id		: 0
cpu cores	: 2
apicid		: 0
initial apicid	: 0
fpu		: yes
fpu_exception	: yes
cpuid level	: 5
wp		: yes
flags		: fpu vme de pse tsc msr pae mce cx8 apic sep mtrr pge mca cmov pat pse36 clflush mmx fxsr sse sse2 ht syscall nx rdtscp lm constant_tsc rep_good nopl pni ssse3 lahf_lm
bogomips	: 4602.61
clflush size	: 64
cache_alignment	: 64
address sizes	: 39 bits physical, 48 bits virtual
power management:

processor	: 1
vendor_id	: GenuineIntel
cpu family	: 6
model		: 70
model name	: Intel(R) Core(TM) i7-4850HQ CPU @ 2.30GHz
stepping	: 1
microcode	: 0x19
cpu MHz		: 2301.306
cache size	: 6144 KB
physical id	: 0
siblings	: 2
core id		: 1
cpu cores	: 2
apicid		: 1
initial apicid	: 1
fpu		: yes
fpu_exception	: yes
cpuid level	: 5
wp		: yes
flags		: fpu vme de pse tsc msr pae mce cx8 apic sep mtrr pge mca cmov pat pse36 clflush mmx fxsr sse sse2 ht syscall nx rdtscp lm constant_tsc rep_good nopl pni ssse3 lahf_lm
bogomips	: 4602.61
clflush size	: 64
cache_alignment	: 64
address sizes	: 39 bits physical, 48 bits virtual
power management:



Memory: 4k page, physical 1017728k(65832k free), swap 0k(0k free)

vm_info: OpenJDK 64-Bit Server VM (24.95-b01) for linux-amd64 JRE (1.7.0_95-b00), built on Jan 21 2016 03:31:40 by "buildd" with gcc 4.8.4

time: Tue Mar  8 15:21:51 2016
elapsed time: 10 seconds

